<?xml version="1.0" encoding="utf-8"?>
<coverage line-rate="0.9259999999999999" branch-rate="0.8339" version="1.9" timestamp="1598800840" lines-covered="313" lines-valid="338" branches-covered="211" branches-valid="253">
  <sources>
    <source>D:\</source>
  </sources>
  <packages>
    <package name="GeorgianHelper" line-rate="0.9259999999999999" branch-rate="0.8339" complexity="253">
      <classes>
        <class name="GeorgianHelper.StringHelper" filename="Code Projects\DR\GeorgianHelper\GeorgianHelper\StringHelper.cs" line-rate="0.9259999999999999" branch-rate="0.8339" complexity="253">
          <methods>
            <method name="GeoUnicodeToLat" signature="(System.String)" line-rate="1" branch-rate="1" complexity="36">
              <lines>
                <line number="10" hits="19" branch="False" />
                <line number="11" hits="19" branch="False" />
                <line number="12" hits="291" branch="True" condition-coverage="100% (2/2)">
                  <conditions>
                    <condition number="658" type="jump" coverage="100%" />
                  </conditions>
                </line>
                <line number="13" hits="117" branch="False" />
                <line number="14" hits="117" branch="True" condition-coverage="100% (34/34)">
                  <conditions>
                    <condition number="41" type="switch" coverage="100%" />
                  </conditions>
                </line>
                <line number="17" hits="24" branch="False" />
                <line number="18" hits="24" branch="False" />
                <line number="20" hits="1" branch="False" />
                <line number="21" hits="1" branch="False" />
                <line number="23" hits="3" branch="False" />
                <line number="24" hits="3" branch="False" />
                <line number="26" hits="1" branch="False" />
                <line number="27" hits="1" branch="False" />
                <line number="29" hits="5" branch="False" />
                <line number="30" hits="5" branch="False" />
                <line number="32" hits="4" branch="False" />
                <line number="33" hits="4" branch="False" />
                <line number="35" hits="1" branch="False" />
                <line number="36" hits="1" branch="False" />
                <line number="38" hits="2" branch="False" />
                <line number="39" hits="2" branch="False" />
                <line number="41" hits="12" branch="False" />
                <line number="42" hits="12" branch="False" />
                <line number="44" hits="2" branch="False" />
                <line number="45" hits="2" branch="False" />
                <line number="47" hits="2" branch="False" />
                <line number="48" hits="2" branch="False" />
                <line number="50" hits="2" branch="False" />
                <line number="51" hits="2" branch="False" />
                <line number="53" hits="8" branch="False" />
                <line number="54" hits="8" branch="False" />
                <line number="56" hits="3" branch="False" />
                <line number="57" hits="3" branch="False" />
                <line number="59" hits="2" branch="False" />
                <line number="60" hits="2" branch="False" />
                <line number="62" hits="2" branch="False" />
                <line number="63" hits="2" branch="False" />
                <line number="65" hits="4" branch="False" />
                <line number="66" hits="4" branch="False" />
                <line number="68" hits="1" branch="False" />
                <line number="69" hits="1" branch="False" />
                <line number="71" hits="2" branch="False" />
                <line number="72" hits="2" branch="False" />
                <line number="74" hits="5" branch="False" />
                <line number="75" hits="5" branch="False" />
                <line number="77" hits="1" branch="False" />
                <line number="78" hits="1" branch="False" />
                <line number="80" hits="2" branch="False" />
                <line number="81" hits="2" branch="False" />
                <line number="83" hits="1" branch="False" />
                <line number="84" hits="1" branch="False" />
                <line number="86" hits="5" branch="False" />
                <line number="87" hits="5" branch="False" />
                <line number="89" hits="2" branch="False" />
                <line number="90" hits="2" branch="False" />
                <line number="92" hits="2" branch="False" />
                <line number="93" hits="2" branch="False" />
                <line number="95" hits="1" branch="False" />
                <line number="96" hits="1" branch="False" />
                <line number="98" hits="1" branch="False" />
                <line number="99" hits="1" branch="False" />
                <line number="101" hits="1" branch="False" />
                <line number="102" hits="1" branch="False" />
                <line number="104" hits="2" branch="False" />
                <line number="105" hits="2" branch="False" />
                <line number="107" hits="3" branch="False" />
                <line number="108" hits="3" branch="False" />
                <line number="110" hits="2" branch="False" />
                <line number="111" hits="2" branch="False" />
                <line number="113" hits="1" branch="False" />
                <line number="114" hits="1" branch="False" />
                <line number="116" hits="7" branch="False" />
                <line number="117" hits="7" branch="False" />
                <line number="119" hits="117" branch="False" />
                <line number="120" hits="19" branch="False" />
                <line number="121" hits="19" branch="False" />
              </lines>
            </method>
            <method name="GetOneSignDigitName" signature="(System.String)" line-rate="0.8823000000000001" branch-rate="0.8461" complexity="13">
              <lines>
                <line number="125" hits="156" branch="False" />
                <line number="126" hits="156" branch="True" condition-coverage="50% (1/2)">
                  <conditions>
                    <condition number="12" type="jump" coverage="50%" />
                  </conditions>
                </line>
                <line number="127" hits="156" branch="False" />
                <line number="128" hits="156" branch="True" condition-coverage="90.9% (10/11)">
                  <conditions>
                    <condition number="32" type="switch" coverage="90.9%" />
                  </conditions>
                </line>
                <line number="130" hits="74" branch="False" />
                <line number="131" hits="27" branch="False" />
                <line number="132" hits="13" branch="False" />
                <line number="133" hits="6" branch="False" />
                <line number="134" hits="6" branch="False" />
                <line number="135" hits="10" branch="False" />
                <line number="136" hits="5" branch="False" />
                <line number="137" hits="5" branch="False" />
                <line number="138" hits="5" branch="False" />
                <line number="139" hits="5" branch="False" />
                <line number="141" hits="0" branch="False" />
                <line number="142" hits="0" branch="False" />
                <line number="143" hits="156" branch="False" />
              </lines>
            </method>
            <method name="GetToNineteenName" signature="(System.String)" line-rate="0.9" branch-rate="0.7" complexity="50">
              <lines>
                <line number="145" hits="54" branch="False" />
                <line number="146" hits="54" branch="True" condition-coverage="100% (2/2)">
                  <conditions>
                    <condition number="12" type="jump" coverage="100%" />
                  </conditions>
                </line>
                <line number="147" hits="43" branch="False" />
                <line number="148" hits="43" branch="True" condition-coverage="69.56% (32/46)">
                  <conditions>
                    <condition number="35" type="jump" coverage="100%" />
                    <condition number="43" type="jump" coverage="100%" />
                    <condition number="51" type="jump" coverage="100%" />
                    <condition number="80" type="jump" coverage="100%" />
                    <condition number="93" type="jump" coverage="100%" />
                    <condition number="122" type="jump" coverage="100%" />
                    <condition number="130" type="jump" coverage="100%" />
                    <condition number="156" type="jump" coverage="100%" />
                    <condition number="166" type="jump" coverage="100%" />
                    <condition number="143" type="jump" coverage="50%" />
                    <condition number="176" type="jump" coverage="50%" />
                    <condition number="106" type="jump" coverage="50%" />
                    <condition number="64" type="jump" coverage="50%" />
                    <condition number="194" type="jump" coverage="50%" />
                    <condition number="215" type="jump" coverage="50%" />
                    <condition number="236" type="jump" coverage="50%" />
                    <condition number="257" type="jump" coverage="50%" />
                    <condition number="278" type="jump" coverage="50%" />
                    <condition number="296" type="jump" coverage="50%" />
                    <condition number="314" type="jump" coverage="50%" />
                    <condition number="332" type="jump" coverage="50%" />
                    <condition number="347" type="jump" coverage="50%" />
                    <condition number="362" type="jump" coverage="50%" />
                  </conditions>
                </line>
                <line number="150" hits="22" branch="False" />
                <line number="151" hits="5" branch="False" />
                <line number="152" hits="2" branch="False" />
                <line number="153" hits="2" branch="False" />
                <line number="154" hits="2" branch="False" />
                <line number="155" hits="2" branch="False" />
                <line number="156" hits="2" branch="False" />
                <line number="157" hits="2" branch="False" />
                <line number="158" hits="2" branch="False" />
                <line number="159" hits="2" branch="False" />
                <line number="161" hits="0" branch="False" />
                <line number="162" hits="11" branch="True" condition-coverage="50% (1/2)">
                  <conditions>
                    <condition number="472" type="jump" coverage="50%" />
                  </conditions>
                </line>
                <line number="163" hits="11" branch="False" />
                <line number="164" hits="11" branch="False" />
                <line number="166" hits="0" branch="False" />
                <line number="167" hits="54" branch="False" />
              </lines>
            </method>
            <method name="GetTwoSignDigitName" signature="(System.String,System.String)" line-rate="0.8823000000000001" branch-rate="0.8695" complexity="23">
              <lines>
                <line number="169" hits="219" branch="False" />
                <line number="170" hits="219" branch="True" condition-coverage="100% (2/2)">
                  <conditions>
                    <condition number="12" type="jump" coverage="100%" />
                  </conditions>
                </line>
                <line number="171" hits="99" branch="False" />
                <line number="172" hits="99" branch="False" />
                <line number="173" hits="99" branch="True" condition-coverage="90.9% (10/11)">
                  <conditions>
                    <condition number="39" type="switch" coverage="90.9%" />
                  </conditions>
                </line>
                <line number="175" hits="25" branch="False" />
                <line number="176" hits="42" branch="False" />
                <line number="178" hits="10" branch="True" condition-coverage="100% (2/2)">
                  <conditions>
                    <condition number="143" type="jump" coverage="100%" />
                  </conditions>
                </line>
                <line number="180" hits="8" branch="True" condition-coverage="100% (2/2)">
                  <conditions>
                    <condition number="201" type="jump" coverage="100%" />
                  </conditions>
                </line>
                <line number="182" hits="11" branch="True" condition-coverage="50% (1/2)">
                  <conditions>
                    <condition number="259" type="jump" coverage="50%" />
                  </conditions>
                </line>
                <line number="184" hits="3" branch="True" condition-coverage="100% (2/2)">
                  <conditions>
                    <condition number="314" type="jump" coverage="100%" />
                  </conditions>
                </line>
                <line number="186" hits="0" branch="False" />
                <line number="187" hits="120" branch="True" condition-coverage="50% (1/2)">
                  <conditions>
                    <condition number="374" type="jump" coverage="50%" />
                  </conditions>
                </line>
                <line number="188" hits="120" branch="False" />
                <line number="189" hits="120" branch="False" />
                <line number="191" hits="0" branch="False" />
                <line number="192" hits="219" branch="False" />
              </lines>
            </method>
            <method name="GetThreeSignDigitName" signature="(System.String,System.String)" line-rate="0.909" branch-rate="0.8484" complexity="33">
              <lines>
                <line number="194" hits="193" branch="False" />
                <line number="195" hits="193" branch="True" condition-coverage="100% (2/2)">
                  <conditions>
                    <condition number="12" type="jump" coverage="100%" />
                  </conditions>
                </line>
                <line number="196" hits="101" branch="False" />
                <line number="197" hits="101" branch="False" />
                <line number="198" hits="101" branch="False" />
                <line number="199" hits="101" branch="True" condition-coverage="90.9% (10/11)">
                  <conditions>
                    <condition number="59" type="switch" coverage="90.9%" />
                  </conditions>
                </line>
                <line number="201" hits="26" branch="False" />
                <line number="202" hits="26" branch="True" condition-coverage="100% (2/2)">
                  <conditions>
                    <condition number="173" type="jump" coverage="100%" />
                  </conditions>
                </line>
                <line number="203" hits="3" branch="True" condition-coverage="100% (2/2)">
                  <conditions>
                    <condition number="213" type="jump" coverage="100%" />
                  </conditions>
                </line>
                <line number="204" hits="2" branch="True" condition-coverage="100% (2/2)">
                  <conditions>
                    <condition number="253" type="jump" coverage="100%" />
                  </conditions>
                </line>
                <line number="205" hits="4" branch="True" condition-coverage="100% (2/2)">
                  <conditions>
                    <condition number="293" type="jump" coverage="100%" />
                  </conditions>
                </line>
                <line number="206" hits="2" branch="True" condition-coverage="100% (2/2)">
                  <conditions>
                    <condition number="333" type="jump" coverage="100%" />
                  </conditions>
                </line>
                <line number="207" hits="2" branch="True" condition-coverage="50% (1/2)">
                  <conditions>
                    <condition number="373" type="jump" coverage="50%" />
                  </conditions>
                </line>
                <line number="208" hits="10" branch="True" condition-coverage="100% (2/2)">
                  <conditions>
                    <condition number="413" type="jump" coverage="100%" />
                  </conditions>
                </line>
                <line number="209" hits="13" branch="True" condition-coverage="50% (1/2)">
                  <conditions>
                    <condition number="450" type="jump" coverage="50%" />
                  </conditions>
                </line>
                <line number="210" hits="13" branch="True" condition-coverage="50% (1/2)">
                  <conditions>
                    <condition number="487" type="jump" coverage="50%" />
                  </conditions>
                </line>
                <line number="212" hits="0" branch="False" />
                <line number="213" hits="92" branch="True" condition-coverage="50% (1/2)">
                  <conditions>
                    <condition number="524" type="jump" coverage="50%" />
                  </conditions>
                </line>
                <line number="214" hits="92" branch="False" />
                <line number="215" hits="92" branch="False" />
                <line number="217" hits="0" branch="False" />
                <line number="218" hits="193" branch="False" />
              </lines>
            </method>
            <method name="GetFourSignDigitName" signature="(System.String,System.String)" line-rate="0.9166" branch-rate="0.8332999999999999" complexity="6">
              <lines>
                <line number="220" hits="144" branch="False" />
                <line number="221" hits="144" branch="True" condition-coverage="100% (2/2)">
                  <conditions>
                    <condition number="12" type="jump" coverage="100%" />
                  </conditions>
                </line>
                <line number="222" hits="24" branch="False" />
                <line number="223" hits="24" branch="False" />
                <line number="224" hits="24" branch="True" condition-coverage="100% (2/2)">
                  <conditions>
                    <condition number="36" type="jump" coverage="100%" />
                  </conditions>
                </line>
                <line number="226" hits="13" branch="False" />
                <line number="227" hits="11" branch="False" />
                <line number="230" hits="120" branch="True" condition-coverage="50% (1/2)">
                  <conditions>
                    <condition number="133" type="jump" coverage="50%" />
                  </conditions>
                </line>
                <line number="231" hits="120" branch="False" />
                <line number="232" hits="120" branch="False" />
                <line number="234" hits="0" branch="False" />
                <line number="235" hits="144" branch="False" />
              </lines>
            </method>
            <method name="GetFiveSignDigitName" signature="(System.String,System.String)" line-rate="0.909" branch-rate="0.8332999999999999" complexity="6">
              <lines>
                <line number="237" hits="148" branch="False" />
                <line number="238" hits="148" branch="True" condition-coverage="100% (2/2)">
                  <conditions>
                    <condition number="12" type="jump" coverage="100%" />
                  </conditions>
                </line>
                <line number="239" hits="17" branch="False" />
                <line number="240" hits="17" branch="True" condition-coverage="100% (2/2)">
                  <conditions>
                    <condition number="28" type="jump" coverage="100%" />
                  </conditions>
                </line>
                <line number="242" hits="13" branch="False" />
                <line number="243" hits="4" branch="False" />
                <line number="246" hits="131" branch="True" condition-coverage="50% (1/2)">
                  <conditions>
                    <condition number="127" type="jump" coverage="50%" />
                  </conditions>
                </line>
                <line number="247" hits="131" branch="False" />
                <line number="248" hits="131" branch="False" />
                <line number="250" hits="0" branch="False" />
                <line number="251" hits="148" branch="False" />
              </lines>
            </method>
            <method name="GetSixSignDigitName" signature="(System.String,System.String)" line-rate="0.909" branch-rate="0.8332999999999999" complexity="6">
              <lines>
                <line number="253" hits="163" branch="False" />
                <line number="254" hits="163" branch="True" condition-coverage="100% (2/2)">
                  <conditions>
                    <condition number="12" type="jump" coverage="100%" />
                  </conditions>
                </line>
                <line number="255" hits="28" branch="False" />
                <line number="256" hits="28" branch="True" condition-coverage="100% (2/2)">
                  <conditions>
                    <condition number="28" type="jump" coverage="100%" />
                  </conditions>
                </line>
                <line number="258" hits="13" branch="False" />
                <line number="259" hits="15" branch="False" />
                <line number="262" hits="135" branch="True" condition-coverage="50% (1/2)">
                  <conditions>
                    <condition number="127" type="jump" coverage="50%" />
                  </conditions>
                </line>
                <line number="263" hits="135" branch="False" />
                <line number="264" hits="135" branch="False" />
                <line number="266" hits="0" branch="False" />
                <line number="267" hits="163" branch="False" />
              </lines>
            </method>
            <method name="GetSevenSignDigitName" signature="(System.String,System.String)" line-rate="0.9166" branch-rate="0.8332999999999999" complexity="6">
              <lines>
                <line number="269" hits="133" branch="False" />
                <line number="270" hits="133" branch="True" condition-coverage="100% (2/2)">
                  <conditions>
                    <condition number="12" type="jump" coverage="100%" />
                  </conditions>
                </line>
                <line number="271" hits="12" branch="False" />
                <line number="272" hits="12" branch="False" />
                <line number="273" hits="12" branch="True" condition-coverage="100% (2/2)">
                  <conditions>
                    <condition number="36" type="jump" coverage="100%" />
                  </conditions>
                </line>
                <line number="275" hits="10" branch="False" />
                <line number="276" hits="2" branch="False" />
                <line number="279" hits="121" branch="True" condition-coverage="50% (1/2)">
                  <conditions>
                    <condition number="125" type="jump" coverage="50%" />
                  </conditions>
                </line>
                <line number="280" hits="121" branch="False" />
                <line number="281" hits="121" branch="False" />
                <line number="283" hits="0" branch="False" />
                <line number="284" hits="133" branch="False" />
              </lines>
            </method>
            <method name="GetEightSignDigitName" signature="(System.String,System.String)" line-rate="0.909" branch-rate="0.8332999999999999" complexity="6">
              <lines>
                <line number="286" hits="145" branch="False" />
                <line number="287" hits="145" branch="True" condition-coverage="100% (2/2)">
                  <conditions>
                    <condition number="12" type="jump" coverage="100%" />
                  </conditions>
                </line>
                <line number="288" hits="22" branch="False" />
                <line number="289" hits="22" branch="True" condition-coverage="100% (2/2)">
                  <conditions>
                    <condition number="28" type="jump" coverage="100%" />
                  </conditions>
                </line>
                <line number="291" hits="10" branch="False" />
                <line number="292" hits="12" branch="False" />
                <line number="295" hits="123" branch="True" condition-coverage="50% (1/2)">
                  <conditions>
                    <condition number="127" type="jump" coverage="50%" />
                  </conditions>
                </line>
                <line number="296" hits="123" branch="False" />
                <line number="297" hits="123" branch="False" />
                <line number="299" hits="0" branch="False" />
                <line number="300" hits="145" branch="False" />
              </lines>
            </method>
            <method name="GetNineSignDigitName" signature="(System.String,System.String)" line-rate="0.909" branch-rate="0.8332999999999999" complexity="6">
              <lines>
                <line number="302" hits="147" branch="False" />
                <line number="303" hits="147" branch="True" condition-coverage="100% (2/2)">
                  <conditions>
                    <condition number="13" type="jump" coverage="100%" />
                  </conditions>
                </line>
                <line number="304" hits="22" branch="False" />
                <line number="305" hits="22" branch="True" condition-coverage="100% (2/2)">
                  <conditions>
                    <condition number="29" type="jump" coverage="100%" />
                  </conditions>
                </line>
                <line number="307" hits="20" branch="False" />
                <line number="308" hits="2" branch="False" />
                <line number="311" hits="125" branch="True" condition-coverage="50% (1/2)">
                  <conditions>
                    <condition number="129" type="jump" coverage="50%" />
                  </conditions>
                </line>
                <line number="312" hits="125" branch="False" />
                <line number="313" hits="125" branch="False" />
                <line number="315" hits="0" branch="False" />
                <line number="316" hits="147" branch="False" />
              </lines>
            </method>
            <method name="GetTenSignDigitName" signature="(System.String,System.String)" line-rate="0.9166" branch-rate="0.8332999999999999" complexity="6">
              <lines>
                <line number="318" hits="121" branch="False" />
                <line number="319" hits="121" branch="True" condition-coverage="100% (2/2)">
                  <conditions>
                    <condition number="13" type="jump" coverage="100%" />
                  </conditions>
                </line>
                <line number="320" hits="9" branch="False" />
                <line number="321" hits="9" branch="False" />
                <line number="322" hits="9" branch="True" condition-coverage="100% (2/2)">
                  <conditions>
                    <condition number="37" type="jump" coverage="100%" />
                  </conditions>
                </line>
                <line number="324" hits="7" branch="False" />
                <line number="325" hits="2" branch="False" />
                <line number="328" hits="112" branch="True" condition-coverage="50% (1/2)">
                  <conditions>
                    <condition number="127" type="jump" coverage="50%" />
                  </conditions>
                </line>
                <line number="329" hits="112" branch="False" />
                <line number="330" hits="112" branch="False" />
                <line number="332" hits="0" branch="False" />
                <line number="333" hits="121" branch="False" />
              </lines>
            </method>
            <method name="GetElevenSignDigitName" signature="(System.String,System.String)" line-rate="0.909" branch-rate="0.8332999999999999" complexity="6">
              <lines>
                <line number="335" hits="124" branch="False" />
                <line number="336" hits="124" branch="True" condition-coverage="100% (2/2)">
                  <conditions>
                    <condition number="13" type="jump" coverage="100%" />
                  </conditions>
                </line>
                <line number="337" hits="10" branch="False" />
                <line number="338" hits="10" branch="True" condition-coverage="100% (2/2)">
                  <conditions>
                    <condition number="29" type="jump" coverage="100%" />
                  </conditions>
                </line>
                <line number="340" hits="7" branch="False" />
                <line number="341" hits="3" branch="False" />
                <line number="344" hits="114" branch="True" condition-coverage="50% (1/2)">
                  <conditions>
                    <condition number="129" type="jump" coverage="50%" />
                  </conditions>
                </line>
                <line number="345" hits="114" branch="False" />
                <line number="346" hits="114" branch="False" />
                <line number="348" hits="0" branch="False" />
                <line number="349" hits="124" branch="False" />
              </lines>
            </method>
            <method name="GetTwelveSignDigitName" signature="(System.String,System.String)" line-rate="0.909" branch-rate="0.8332999999999999" complexity="6">
              <lines>
                <line number="351" hits="133" branch="False" />
                <line number="352" hits="133" branch="True" condition-coverage="100% (2/2)">
                  <conditions>
                    <condition number="13" type="jump" coverage="100%" />
                  </conditions>
                </line>
                <line number="353" hits="17" branch="False" />
                <line number="354" hits="17" branch="True" condition-coverage="100% (2/2)">
                  <conditions>
                    <condition number="29" type="jump" coverage="100%" />
                  </conditions>
                </line>
                <line number="356" hits="8" branch="False" />
                <line number="357" hits="9" branch="False" />
                <line number="360" hits="116" branch="True" condition-coverage="50% (1/2)">
                  <conditions>
                    <condition number="129" type="jump" coverage="50%" />
                  </conditions>
                </line>
                <line number="361" hits="116" branch="False" />
                <line number="362" hits="116" branch="False" />
                <line number="364" hits="0" branch="False" />
                <line number="365" hits="133" branch="False" />
              </lines>
            </method>
            <method name="GetThirteenSignDigitName" signature="(System.String,System.String)" line-rate="0.9166" branch-rate="0.8332999999999999" complexity="6">
              <lines>
                <line number="367" hits="113" branch="False" />
                <line number="368" hits="113" branch="True" condition-coverage="100% (2/2)">
                  <conditions>
                    <condition number="13" type="jump" coverage="100%" />
                  </conditions>
                </line>
                <line number="369" hits="6" branch="False" />
                <line number="370" hits="6" branch="False" />
                <line number="371" hits="6" branch="True" condition-coverage="100% (2/2)">
                  <conditions>
                    <condition number="37" type="jump" coverage="100%" />
                  </conditions>
                </line>
                <line number="373" hits="4" branch="False" />
                <line number="374" hits="2" branch="False" />
                <line number="377" hits="107" branch="True" condition-coverage="50% (1/2)">
                  <conditions>
                    <condition number="127" type="jump" coverage="50%" />
                  </conditions>
                </line>
                <line number="378" hits="107" branch="False" />
                <line number="379" hits="107" branch="False" />
                <line number="381" hits="0" branch="False" />
                <line number="382" hits="113" branch="False" />
              </lines>
            </method>
            <method name="GetFourteenSignDigitName" signature="(System.String,System.String)" line-rate="0.909" branch-rate="0.8332999999999999" complexity="6">
              <lines>
                <line number="384" hits="115" branch="False" />
                <line number="385" hits="115" branch="True" condition-coverage="100% (2/2)">
                  <conditions>
                    <condition number="13" type="jump" coverage="100%" />
                  </conditions>
                </line>
                <line number="386" hits="6" branch="False" />
                <line number="387" hits="6" branch="True" condition-coverage="100% (2/2)">
                  <conditions>
                    <condition number="29" type="jump" coverage="100%" />
                  </conditions>
                </line>
                <line number="389" hits="4" branch="False" />
                <line number="390" hits="2" branch="False" />
                <line number="393" hits="109" branch="True" condition-coverage="50% (1/2)">
                  <conditions>
                    <condition number="129" type="jump" coverage="50%" />
                  </conditions>
                </line>
                <line number="394" hits="109" branch="False" />
                <line number="395" hits="109" branch="False" />
                <line number="397" hits="0" branch="False" />
                <line number="398" hits="115" branch="False" />
              </lines>
            </method>
            <method name="GetFiveteenSignDigitName" signature="(System.String,System.String)" line-rate="0.909" branch-rate="0.8332999999999999" complexity="6">
              <lines>
                <line number="400" hits="122" branch="False" />
                <line number="401" hits="122" branch="True" condition-coverage="100% (2/2)">
                  <conditions>
                    <condition number="13" type="jump" coverage="100%" />
                  </conditions>
                </line>
                <line number="402" hits="11" branch="False" />
                <line number="403" hits="11" branch="True" condition-coverage="100% (2/2)">
                  <conditions>
                    <condition number="29" type="jump" coverage="100%" />
                  </conditions>
                </line>
                <line number="405" hits="4" branch="False" />
                <line number="406" hits="7" branch="False" />
                <line number="409" hits="111" branch="True" condition-coverage="50% (1/2)">
                  <conditions>
                    <condition number="129" type="jump" coverage="50%" />
                  </conditions>
                </line>
                <line number="410" hits="111" branch="False" />
                <line number="411" hits="111" branch="False" />
                <line number="413" hits="0" branch="False" />
                <line number="414" hits="122" branch="False" />
              </lines>
            </method>
            <method name="GetSixteenSignDigitName" signature="(System.String,System.String)" line-rate="0.9166" branch-rate="0.8332999999999999" complexity="6">
              <lines>
                <line number="416" hits="108" branch="False" />
                <line number="417" hits="108" branch="True" condition-coverage="100% (2/2)">
                  <conditions>
                    <condition number="13" type="jump" coverage="100%" />
                  </conditions>
                </line>
                <line number="418" hits="3" branch="False" />
                <line number="419" hits="3" branch="False" />
                <line number="420" hits="3" branch="True" condition-coverage="100% (2/2)">
                  <conditions>
                    <condition number="37" type="jump" coverage="100%" />
                  </conditions>
                </line>
                <line number="422" hits="1" branch="False" />
                <line number="423" hits="2" branch="False" />
                <line number="426" hits="105" branch="True" condition-coverage="50% (1/2)">
                  <conditions>
                    <condition number="127" type="jump" coverage="50%" />
                  </conditions>
                </line>
                <line number="427" hits="105" branch="False" />
                <line number="428" hits="105" branch="False" />
                <line number="430" hits="0" branch="False" />
                <line number="431" hits="108" branch="False" />
              </lines>
            </method>
            <method name="GetSeventeenSignDigitName" signature="(System.String,System.String)" line-rate="0.909" branch-rate="0.8332999999999999" complexity="6">
              <lines>
                <line number="433" hits="111" branch="False" />
                <line number="434" hits="111" branch="True" condition-coverage="100% (2/2)">
                  <conditions>
                    <condition number="13" type="jump" coverage="100%" />
                  </conditions>
                </line>
                <line number="435" hits="4" branch="False" />
                <line number="436" hits="4" branch="True" condition-coverage="100% (2/2)">
                  <conditions>
                    <condition number="29" type="jump" coverage="100%" />
                  </conditions>
                </line>
                <line number="438" hits="1" branch="False" />
                <line number="439" hits="3" branch="False" />
                <line number="442" hits="107" branch="True" condition-coverage="50% (1/2)">
                  <conditions>
                    <condition number="129" type="jump" coverage="50%" />
                  </conditions>
                </line>
                <line number="443" hits="107" branch="False" />
                <line number="444" hits="107" branch="False" />
                <line number="446" hits="0" branch="False" />
                <line number="447" hits="111" branch="False" />
              </lines>
            </method>
            <method name="GetEightteenSignDigitName" signature="(System.String,System.String)" line-rate="0.909" branch-rate="0.8332999999999999" complexity="6">
              <lines>
                <line number="449" hits="114" branch="False" />
                <line number="450" hits="114" branch="True" condition-coverage="100% (2/2)">
                  <conditions>
                    <condition number="13" type="jump" coverage="100%" />
                  </conditions>
                </line>
                <line number="451" hits="5" branch="False" />
                <line number="452" hits="5" branch="True" condition-coverage="100% (2/2)">
                  <conditions>
                    <condition number="29" type="jump" coverage="100%" />
                  </conditions>
                </line>
                <line number="454" hits="2" branch="False" />
                <line number="455" hits="3" branch="False" />
                <line number="458" hits="109" branch="True" condition-coverage="50% (1/2)">
                  <conditions>
                    <condition number="129" type="jump" coverage="50%" />
                  </conditions>
                </line>
                <line number="459" hits="109" branch="False" />
                <line number="460" hits="109" branch="False" />
                <line number="462" hits="0" branch="False" />
                <line number="463" hits="114" branch="False" />
              </lines>
            </method>
            <method name="GetNineteenSignDigitName" signature="(System.String,System.String)" line-rate="0.8332999999999999" branch-rate="0.6666" complexity="6">
              <lines>
                <line number="465" hits="111" branch="False" />
                <line number="466" hits="111" branch="True" condition-coverage="100% (2/2)">
                  <conditions>
                    <condition number="13" type="jump" coverage="100%" />
                  </conditions>
                </line>
                <line number="467" hits="3" branch="False" />
                <line number="468" hits="3" branch="False" />
                <line number="469" hits="3" branch="True" condition-coverage="50% (1/2)">
                  <conditions>
                    <condition number="37" type="jump" coverage="50%" />
                  </conditions>
                </line>
                <line number="471" hits="0" branch="False" />
                <line number="472" hits="3" branch="False" />
                <line number="475" hits="108" branch="True" condition-coverage="50% (1/2)">
                  <conditions>
                    <condition number="127" type="jump" coverage="50%" />
                  </conditions>
                </line>
                <line number="476" hits="108" branch="False" />
                <line number="477" hits="108" branch="False" />
                <line number="479" hits="0" branch="False" />
                <line number="480" hits="111" branch="False" />
              </lines>
            </method>
            <method name="GetNumberName" signature="(System.Int64,System.String)" line-rate="1" branch-rate="1" complexity="2">
              <lines>
                <line number="483" hits="113" branch="False" />
                <line number="484" hits="113" branch="True" condition-coverage="100% (2/2)">
                  <conditions>
                    <condition number="2" type="jump" coverage="100%" />
                  </conditions>
                </line>
                <line number="485" hits="113" branch="False" />
                <line number="486" hits="113" branch="False" />
              </lines>
            </method>
          </methods>
          <lines>
            <line number="10" hits="19" branch="False" />
            <line number="11" hits="19" branch="False" />
            <line number="12" hits="291" branch="True" condition-coverage="100% (2/2)">
              <conditions>
                <condition number="658" type="jump" coverage="100%" />
              </conditions>
            </line>
            <line number="13" hits="117" branch="False" />
            <line number="14" hits="117" branch="True" condition-coverage="100% (34/34)">
              <conditions>
                <condition number="41" type="switch" coverage="100%" />
              </conditions>
            </line>
            <line number="17" hits="24" branch="False" />
            <line number="18" hits="24" branch="False" />
            <line number="20" hits="1" branch="False" />
            <line number="21" hits="1" branch="False" />
            <line number="23" hits="3" branch="False" />
            <line number="24" hits="3" branch="False" />
            <line number="26" hits="1" branch="False" />
            <line number="27" hits="1" branch="False" />
            <line number="29" hits="5" branch="False" />
            <line number="30" hits="5" branch="False" />
            <line number="32" hits="4" branch="False" />
            <line number="33" hits="4" branch="False" />
            <line number="35" hits="1" branch="False" />
            <line number="36" hits="1" branch="False" />
            <line number="38" hits="2" branch="False" />
            <line number="39" hits="2" branch="False" />
            <line number="41" hits="12" branch="False" />
            <line number="42" hits="12" branch="False" />
            <line number="44" hits="2" branch="False" />
            <line number="45" hits="2" branch="False" />
            <line number="47" hits="2" branch="False" />
            <line number="48" hits="2" branch="False" />
            <line number="50" hits="2" branch="False" />
            <line number="51" hits="2" branch="False" />
            <line number="53" hits="8" branch="False" />
            <line number="54" hits="8" branch="False" />
            <line number="56" hits="3" branch="False" />
            <line number="57" hits="3" branch="False" />
            <line number="59" hits="2" branch="False" />
            <line number="60" hits="2" branch="False" />
            <line number="62" hits="2" branch="False" />
            <line number="63" hits="2" branch="False" />
            <line number="65" hits="4" branch="False" />
            <line number="66" hits="4" branch="False" />
            <line number="68" hits="1" branch="False" />
            <line number="69" hits="1" branch="False" />
            <line number="71" hits="2" branch="False" />
            <line number="72" hits="2" branch="False" />
            <line number="74" hits="5" branch="False" />
            <line number="75" hits="5" branch="False" />
            <line number="77" hits="1" branch="False" />
            <line number="78" hits="1" branch="False" />
            <line number="80" hits="2" branch="False" />
            <line number="81" hits="2" branch="False" />
            <line number="83" hits="1" branch="False" />
            <line number="84" hits="1" branch="False" />
            <line number="86" hits="5" branch="False" />
            <line number="87" hits="5" branch="False" />
            <line number="89" hits="2" branch="False" />
            <line number="90" hits="2" branch="False" />
            <line number="92" hits="2" branch="False" />
            <line number="93" hits="2" branch="False" />
            <line number="95" hits="1" branch="False" />
            <line number="96" hits="1" branch="False" />
            <line number="98" hits="1" branch="False" />
            <line number="99" hits="1" branch="False" />
            <line number="101" hits="1" branch="False" />
            <line number="102" hits="1" branch="False" />
            <line number="104" hits="2" branch="False" />
            <line number="105" hits="2" branch="False" />
            <line number="107" hits="3" branch="False" />
            <line number="108" hits="3" branch="False" />
            <line number="110" hits="2" branch="False" />
            <line number="111" hits="2" branch="False" />
            <line number="113" hits="1" branch="False" />
            <line number="114" hits="1" branch="False" />
            <line number="116" hits="7" branch="False" />
            <line number="117" hits="7" branch="False" />
            <line number="119" hits="117" branch="False" />
            <line number="120" hits="19" branch="False" />
            <line number="121" hits="19" branch="False" />
            <line number="125" hits="156" branch="False" />
            <line number="126" hits="156" branch="True" condition-coverage="50% (1/2)">
              <conditions>
                <condition number="12" type="jump" coverage="50%" />
              </conditions>
            </line>
            <line number="127" hits="156" branch="False" />
            <line number="128" hits="156" branch="True" condition-coverage="90.9% (10/11)">
              <conditions>
                <condition number="32" type="switch" coverage="90.9%" />
              </conditions>
            </line>
            <line number="130" hits="74" branch="False" />
            <line number="131" hits="27" branch="False" />
            <line number="132" hits="13" branch="False" />
            <line number="133" hits="6" branch="False" />
            <line number="134" hits="6" branch="False" />
            <line number="135" hits="10" branch="False" />
            <line number="136" hits="5" branch="False" />
            <line number="137" hits="5" branch="False" />
            <line number="138" hits="5" branch="False" />
            <line number="139" hits="5" branch="False" />
            <line number="141" hits="0" branch="False" />
            <line number="142" hits="0" branch="False" />
            <line number="143" hits="156" branch="False" />
            <line number="145" hits="54" branch="False" />
            <line number="146" hits="54" branch="True" condition-coverage="100% (2/2)">
              <conditions>
                <condition number="12" type="jump" coverage="100%" />
              </conditions>
            </line>
            <line number="147" hits="43" branch="False" />
            <line number="148" hits="43" branch="True" condition-coverage="69.56% (32/46)">
              <conditions>
                <condition number="35" type="jump" coverage="100%" />
                <condition number="43" type="jump" coverage="100%" />
                <condition number="51" type="jump" coverage="100%" />
                <condition number="80" type="jump" coverage="100%" />
                <condition number="93" type="jump" coverage="100%" />
                <condition number="122" type="jump" coverage="100%" />
                <condition number="130" type="jump" coverage="100%" />
                <condition number="156" type="jump" coverage="100%" />
                <condition number="166" type="jump" coverage="100%" />
                <condition number="143" type="jump" coverage="50%" />
                <condition number="176" type="jump" coverage="50%" />
                <condition number="106" type="jump" coverage="50%" />
                <condition number="64" type="jump" coverage="50%" />
                <condition number="194" type="jump" coverage="50%" />
                <condition number="215" type="jump" coverage="50%" />
                <condition number="236" type="jump" coverage="50%" />
                <condition number="257" type="jump" coverage="50%" />
                <condition number="278" type="jump" coverage="50%" />
                <condition number="296" type="jump" coverage="50%" />
                <condition number="314" type="jump" coverage="50%" />
                <condition number="332" type="jump" coverage="50%" />
                <condition number="347" type="jump" coverage="50%" />
                <condition number="362" type="jump" coverage="50%" />
              </conditions>
            </line>
            <line number="150" hits="22" branch="False" />
            <line number="151" hits="5" branch="False" />
            <line number="152" hits="2" branch="False" />
            <line number="153" hits="2" branch="False" />
            <line number="154" hits="2" branch="False" />
            <line number="155" hits="2" branch="False" />
            <line number="156" hits="2" branch="False" />
            <line number="157" hits="2" branch="False" />
            <line number="158" hits="2" branch="False" />
            <line number="159" hits="2" branch="False" />
            <line number="161" hits="0" branch="False" />
            <line number="162" hits="11" branch="True" condition-coverage="50% (1/2)">
              <conditions>
                <condition number="472" type="jump" coverage="50%" />
              </conditions>
            </line>
            <line number="163" hits="11" branch="False" />
            <line number="164" hits="11" branch="False" />
            <line number="166" hits="0" branch="False" />
            <line number="167" hits="54" branch="False" />
            <line number="169" hits="219" branch="False" />
            <line number="170" hits="219" branch="True" condition-coverage="100% (2/2)">
              <conditions>
                <condition number="12" type="jump" coverage="100%" />
              </conditions>
            </line>
            <line number="171" hits="99" branch="False" />
            <line number="172" hits="99" branch="False" />
            <line number="173" hits="99" branch="True" condition-coverage="90.9% (10/11)">
              <conditions>
                <condition number="39" type="switch" coverage="90.9%" />
              </conditions>
            </line>
            <line number="175" hits="25" branch="False" />
            <line number="176" hits="42" branch="False" />
            <line number="178" hits="10" branch="True" condition-coverage="100% (2/2)">
              <conditions>
                <condition number="143" type="jump" coverage="100%" />
              </conditions>
            </line>
            <line number="180" hits="8" branch="True" condition-coverage="100% (2/2)">
              <conditions>
                <condition number="201" type="jump" coverage="100%" />
              </conditions>
            </line>
            <line number="182" hits="11" branch="True" condition-coverage="50% (1/2)">
              <conditions>
                <condition number="259" type="jump" coverage="50%" />
              </conditions>
            </line>
            <line number="184" hits="3" branch="True" condition-coverage="100% (2/2)">
              <conditions>
                <condition number="314" type="jump" coverage="100%" />
              </conditions>
            </line>
            <line number="186" hits="0" branch="False" />
            <line number="187" hits="120" branch="True" condition-coverage="50% (1/2)">
              <conditions>
                <condition number="374" type="jump" coverage="50%" />
              </conditions>
            </line>
            <line number="188" hits="120" branch="False" />
            <line number="189" hits="120" branch="False" />
            <line number="191" hits="0" branch="False" />
            <line number="192" hits="219" branch="False" />
            <line number="194" hits="193" branch="False" />
            <line number="195" hits="193" branch="True" condition-coverage="100% (2/2)">
              <conditions>
                <condition number="12" type="jump" coverage="100%" />
              </conditions>
            </line>
            <line number="196" hits="101" branch="False" />
            <line number="197" hits="101" branch="False" />
            <line number="198" hits="101" branch="False" />
            <line number="199" hits="101" branch="True" condition-coverage="90.9% (10/11)">
              <conditions>
                <condition number="59" type="switch" coverage="90.9%" />
              </conditions>
            </line>
            <line number="201" hits="26" branch="False" />
            <line number="202" hits="26" branch="True" condition-coverage="100% (2/2)">
              <conditions>
                <condition number="173" type="jump" coverage="100%" />
              </conditions>
            </line>
            <line number="203" hits="3" branch="True" condition-coverage="100% (2/2)">
              <conditions>
                <condition number="213" type="jump" coverage="100%" />
              </conditions>
            </line>
            <line number="204" hits="2" branch="True" condition-coverage="100% (2/2)">
              <conditions>
                <condition number="253" type="jump" coverage="100%" />
              </conditions>
            </line>
            <line number="205" hits="4" branch="True" condition-coverage="100% (2/2)">
              <conditions>
                <condition number="293" type="jump" coverage="100%" />
              </conditions>
            </line>
            <line number="206" hits="2" branch="True" condition-coverage="100% (2/2)">
              <conditions>
                <condition number="333" type="jump" coverage="100%" />
              </conditions>
            </line>
            <line number="207" hits="2" branch="True" condition-coverage="50% (1/2)">
              <conditions>
                <condition number="373" type="jump" coverage="50%" />
              </conditions>
            </line>
            <line number="208" hits="10" branch="True" condition-coverage="100% (2/2)">
              <conditions>
                <condition number="413" type="jump" coverage="100%" />
              </conditions>
            </line>
            <line number="209" hits="13" branch="True" condition-coverage="50% (1/2)">
              <conditions>
                <condition number="450" type="jump" coverage="50%" />
              </conditions>
            </line>
            <line number="210" hits="13" branch="True" condition-coverage="50% (1/2)">
              <conditions>
                <condition number="487" type="jump" coverage="50%" />
              </conditions>
            </line>
            <line number="212" hits="0" branch="False" />
            <line number="213" hits="92" branch="True" condition-coverage="50% (1/2)">
              <conditions>
                <condition number="524" type="jump" coverage="50%" />
              </conditions>
            </line>
            <line number="214" hits="92" branch="False" />
            <line number="215" hits="92" branch="False" />
            <line number="217" hits="0" branch="False" />
            <line number="218" hits="193" branch="False" />
            <line number="220" hits="144" branch="False" />
            <line number="221" hits="144" branch="True" condition-coverage="100% (2/2)">
              <conditions>
                <condition number="12" type="jump" coverage="100%" />
              </conditions>
            </line>
            <line number="222" hits="24" branch="False" />
            <line number="223" hits="24" branch="False" />
            <line number="224" hits="24" branch="True" condition-coverage="100% (2/2)">
              <conditions>
                <condition number="36" type="jump" coverage="100%" />
              </conditions>
            </line>
            <line number="226" hits="13" branch="False" />
            <line number="227" hits="11" branch="False" />
            <line number="230" hits="120" branch="True" condition-coverage="50% (1/2)">
              <conditions>
                <condition number="133" type="jump" coverage="50%" />
              </conditions>
            </line>
            <line number="231" hits="120" branch="False" />
            <line number="232" hits="120" branch="False" />
            <line number="234" hits="0" branch="False" />
            <line number="235" hits="144" branch="False" />
            <line number="237" hits="148" branch="False" />
            <line number="238" hits="148" branch="True" condition-coverage="100% (2/2)">
              <conditions>
                <condition number="12" type="jump" coverage="100%" />
              </conditions>
            </line>
            <line number="239" hits="17" branch="False" />
            <line number="240" hits="17" branch="True" condition-coverage="100% (2/2)">
              <conditions>
                <condition number="28" type="jump" coverage="100%" />
              </conditions>
            </line>
            <line number="242" hits="13" branch="False" />
            <line number="243" hits="4" branch="False" />
            <line number="246" hits="131" branch="True" condition-coverage="50% (1/2)">
              <conditions>
                <condition number="127" type="jump" coverage="50%" />
              </conditions>
            </line>
            <line number="247" hits="131" branch="False" />
            <line number="248" hits="131" branch="False" />
            <line number="250" hits="0" branch="False" />
            <line number="251" hits="148" branch="False" />
            <line number="253" hits="163" branch="False" />
            <line number="254" hits="163" branch="True" condition-coverage="100% (2/2)">
              <conditions>
                <condition number="12" type="jump" coverage="100%" />
              </conditions>
            </line>
            <line number="255" hits="28" branch="False" />
            <line number="256" hits="28" branch="True" condition-coverage="100% (2/2)">
              <conditions>
                <condition number="28" type="jump" coverage="100%" />
              </conditions>
            </line>
            <line number="258" hits="13" branch="False" />
            <line number="259" hits="15" branch="False" />
            <line number="262" hits="135" branch="True" condition-coverage="50% (1/2)">
              <conditions>
                <condition number="127" type="jump" coverage="50%" />
              </conditions>
            </line>
            <line number="263" hits="135" branch="False" />
            <line number="264" hits="135" branch="False" />
            <line number="266" hits="0" branch="False" />
            <line number="267" hits="163" branch="False" />
            <line number="269" hits="133" branch="False" />
            <line number="270" hits="133" branch="True" condition-coverage="100% (2/2)">
              <conditions>
                <condition number="12" type="jump" coverage="100%" />
              </conditions>
            </line>
            <line number="271" hits="12" branch="False" />
            <line number="272" hits="12" branch="False" />
            <line number="273" hits="12" branch="True" condition-coverage="100% (2/2)">
              <conditions>
                <condition number="36" type="jump" coverage="100%" />
              </conditions>
            </line>
            <line number="275" hits="10" branch="False" />
            <line number="276" hits="2" branch="False" />
            <line number="279" hits="121" branch="True" condition-coverage="50% (1/2)">
              <conditions>
                <condition number="125" type="jump" coverage="50%" />
              </conditions>
            </line>
            <line number="280" hits="121" branch="False" />
            <line number="281" hits="121" branch="False" />
            <line number="283" hits="0" branch="False" />
            <line number="284" hits="133" branch="False" />
            <line number="286" hits="145" branch="False" />
            <line number="287" hits="145" branch="True" condition-coverage="100% (2/2)">
              <conditions>
                <condition number="12" type="jump" coverage="100%" />
              </conditions>
            </line>
            <line number="288" hits="22" branch="False" />
            <line number="289" hits="22" branch="True" condition-coverage="100% (2/2)">
              <conditions>
                <condition number="28" type="jump" coverage="100%" />
              </conditions>
            </line>
            <line number="291" hits="10" branch="False" />
            <line number="292" hits="12" branch="False" />
            <line number="295" hits="123" branch="True" condition-coverage="50% (1/2)">
              <conditions>
                <condition number="127" type="jump" coverage="50%" />
              </conditions>
            </line>
            <line number="296" hits="123" branch="False" />
            <line number="297" hits="123" branch="False" />
            <line number="299" hits="0" branch="False" />
            <line number="300" hits="145" branch="False" />
            <line number="302" hits="147" branch="False" />
            <line number="303" hits="147" branch="True" condition-coverage="100% (2/2)">
              <conditions>
                <condition number="13" type="jump" coverage="100%" />
              </conditions>
            </line>
            <line number="304" hits="22" branch="False" />
            <line number="305" hits="22" branch="True" condition-coverage="100% (2/2)">
              <conditions>
                <condition number="29" type="jump" coverage="100%" />
              </conditions>
            </line>
            <line number="307" hits="20" branch="False" />
            <line number="308" hits="2" branch="False" />
            <line number="311" hits="125" branch="True" condition-coverage="50% (1/2)">
              <conditions>
                <condition number="129" type="jump" coverage="50%" />
              </conditions>
            </line>
            <line number="312" hits="125" branch="False" />
            <line number="313" hits="125" branch="False" />
            <line number="315" hits="0" branch="False" />
            <line number="316" hits="147" branch="False" />
            <line number="318" hits="121" branch="False" />
            <line number="319" hits="121" branch="True" condition-coverage="100% (2/2)">
              <conditions>
                <condition number="13" type="jump" coverage="100%" />
              </conditions>
            </line>
            <line number="320" hits="9" branch="False" />
            <line number="321" hits="9" branch="False" />
            <line number="322" hits="9" branch="True" condition-coverage="100% (2/2)">
              <conditions>
                <condition number="37" type="jump" coverage="100%" />
              </conditions>
            </line>
            <line number="324" hits="7" branch="False" />
            <line number="325" hits="2" branch="False" />
            <line number="328" hits="112" branch="True" condition-coverage="50% (1/2)">
              <conditions>
                <condition number="127" type="jump" coverage="50%" />
              </conditions>
            </line>
            <line number="329" hits="112" branch="False" />
            <line number="330" hits="112" branch="False" />
            <line number="332" hits="0" branch="False" />
            <line number="333" hits="121" branch="False" />
            <line number="335" hits="124" branch="False" />
            <line number="336" hits="124" branch="True" condition-coverage="100% (2/2)">
              <conditions>
                <condition number="13" type="jump" coverage="100%" />
              </conditions>
            </line>
            <line number="337" hits="10" branch="False" />
            <line number="338" hits="10" branch="True" condition-coverage="100% (2/2)">
              <conditions>
                <condition number="29" type="jump" coverage="100%" />
              </conditions>
            </line>
            <line number="340" hits="7" branch="False" />
            <line number="341" hits="3" branch="False" />
            <line number="344" hits="114" branch="True" condition-coverage="50% (1/2)">
              <conditions>
                <condition number="129" type="jump" coverage="50%" />
              </conditions>
            </line>
            <line number="345" hits="114" branch="False" />
            <line number="346" hits="114" branch="False" />
            <line number="348" hits="0" branch="False" />
            <line number="349" hits="124" branch="False" />
            <line number="351" hits="133" branch="False" />
            <line number="352" hits="133" branch="True" condition-coverage="100% (2/2)">
              <conditions>
                <condition number="13" type="jump" coverage="100%" />
              </conditions>
            </line>
            <line number="353" hits="17" branch="False" />
            <line number="354" hits="17" branch="True" condition-coverage="100% (2/2)">
              <conditions>
                <condition number="29" type="jump" coverage="100%" />
              </conditions>
            </line>
            <line number="356" hits="8" branch="False" />
            <line number="357" hits="9" branch="False" />
            <line number="360" hits="116" branch="True" condition-coverage="50% (1/2)">
              <conditions>
                <condition number="129" type="jump" coverage="50%" />
              </conditions>
            </line>
            <line number="361" hits="116" branch="False" />
            <line number="362" hits="116" branch="False" />
            <line number="364" hits="0" branch="False" />
            <line number="365" hits="133" branch="False" />
            <line number="367" hits="113" branch="False" />
            <line number="368" hits="113" branch="True" condition-coverage="100% (2/2)">
              <conditions>
                <condition number="13" type="jump" coverage="100%" />
              </conditions>
            </line>
            <line number="369" hits="6" branch="False" />
            <line number="370" hits="6" branch="False" />
            <line number="371" hits="6" branch="True" condition-coverage="100% (2/2)">
              <conditions>
                <condition number="37" type="jump" coverage="100%" />
              </conditions>
            </line>
            <line number="373" hits="4" branch="False" />
            <line number="374" hits="2" branch="False" />
            <line number="377" hits="107" branch="True" condition-coverage="50% (1/2)">
              <conditions>
                <condition number="127" type="jump" coverage="50%" />
              </conditions>
            </line>
            <line number="378" hits="107" branch="False" />
            <line number="379" hits="107" branch="False" />
            <line number="381" hits="0" branch="False" />
            <line number="382" hits="113" branch="False" />
            <line number="384" hits="115" branch="False" />
            <line number="385" hits="115" branch="True" condition-coverage="100% (2/2)">
              <conditions>
                <condition number="13" type="jump" coverage="100%" />
              </conditions>
            </line>
            <line number="386" hits="6" branch="False" />
            <line number="387" hits="6" branch="True" condition-coverage="100% (2/2)">
              <conditions>
                <condition number="29" type="jump" coverage="100%" />
              </conditions>
            </line>
            <line number="389" hits="4" branch="False" />
            <line number="390" hits="2" branch="False" />
            <line number="393" hits="109" branch="True" condition-coverage="50% (1/2)">
              <conditions>
                <condition number="129" type="jump" coverage="50%" />
              </conditions>
            </line>
            <line number="394" hits="109" branch="False" />
            <line number="395" hits="109" branch="False" />
            <line number="397" hits="0" branch="False" />
            <line number="398" hits="115" branch="False" />
            <line number="400" hits="122" branch="False" />
            <line number="401" hits="122" branch="True" condition-coverage="100% (2/2)">
              <conditions>
                <condition number="13" type="jump" coverage="100%" />
              </conditions>
            </line>
            <line number="402" hits="11" branch="False" />
            <line number="403" hits="11" branch="True" condition-coverage="100% (2/2)">
              <conditions>
                <condition number="29" type="jump" coverage="100%" />
              </conditions>
            </line>
            <line number="405" hits="4" branch="False" />
            <line number="406" hits="7" branch="False" />
            <line number="409" hits="111" branch="True" condition-coverage="50% (1/2)">
              <conditions>
                <condition number="129" type="jump" coverage="50%" />
              </conditions>
            </line>
            <line number="410" hits="111" branch="False" />
            <line number="411" hits="111" branch="False" />
            <line number="413" hits="0" branch="False" />
            <line number="414" hits="122" branch="False" />
            <line number="416" hits="108" branch="False" />
            <line number="417" hits="108" branch="True" condition-coverage="100% (2/2)">
              <conditions>
                <condition number="13" type="jump" coverage="100%" />
              </conditions>
            </line>
            <line number="418" hits="3" branch="False" />
            <line number="419" hits="3" branch="False" />
            <line number="420" hits="3" branch="True" condition-coverage="100% (2/2)">
              <conditions>
                <condition number="37" type="jump" coverage="100%" />
              </conditions>
            </line>
            <line number="422" hits="1" branch="False" />
            <line number="423" hits="2" branch="False" />
            <line number="426" hits="105" branch="True" condition-coverage="50% (1/2)">
              <conditions>
                <condition number="127" type="jump" coverage="50%" />
              </conditions>
            </line>
            <line number="427" hits="105" branch="False" />
            <line number="428" hits="105" branch="False" />
            <line number="430" hits="0" branch="False" />
            <line number="431" hits="108" branch="False" />
            <line number="433" hits="111" branch="False" />
            <line number="434" hits="111" branch="True" condition-coverage="100% (2/2)">
              <conditions>
                <condition number="13" type="jump" coverage="100%" />
              </conditions>
            </line>
            <line number="435" hits="4" branch="False" />
            <line number="436" hits="4" branch="True" condition-coverage="100% (2/2)">
              <conditions>
                <condition number="29" type="jump" coverage="100%" />
              </conditions>
            </line>
            <line number="438" hits="1" branch="False" />
            <line number="439" hits="3" branch="False" />
            <line number="442" hits="107" branch="True" condition-coverage="50% (1/2)">
              <conditions>
                <condition number="129" type="jump" coverage="50%" />
              </conditions>
            </line>
            <line number="443" hits="107" branch="False" />
            <line number="444" hits="107" branch="False" />
            <line number="446" hits="0" branch="False" />
            <line number="447" hits="111" branch="False" />
            <line number="449" hits="114" branch="False" />
            <line number="450" hits="114" branch="True" condition-coverage="100% (2/2)">
              <conditions>
                <condition number="13" type="jump" coverage="100%" />
              </conditions>
            </line>
            <line number="451" hits="5" branch="False" />
            <line number="452" hits="5" branch="True" condition-coverage="100% (2/2)">
              <conditions>
                <condition number="29" type="jump" coverage="100%" />
              </conditions>
            </line>
            <line number="454" hits="2" branch="False" />
            <line number="455" hits="3" branch="False" />
            <line number="458" hits="109" branch="True" condition-coverage="50% (1/2)">
              <conditions>
                <condition number="129" type="jump" coverage="50%" />
              </conditions>
            </line>
            <line number="459" hits="109" branch="False" />
            <line number="460" hits="109" branch="False" />
            <line number="462" hits="0" branch="False" />
            <line number="463" hits="114" branch="False" />
            <line number="465" hits="111" branch="False" />
            <line number="466" hits="111" branch="True" condition-coverage="100% (2/2)">
              <conditions>
                <condition number="13" type="jump" coverage="100%" />
              </conditions>
            </line>
            <line number="467" hits="3" branch="False" />
            <line number="468" hits="3" branch="False" />
            <line number="469" hits="3" branch="True" condition-coverage="50% (1/2)">
              <conditions>
                <condition number="37" type="jump" coverage="50%" />
              </conditions>
            </line>
            <line number="471" hits="0" branch="False" />
            <line number="472" hits="3" branch="False" />
            <line number="475" hits="108" branch="True" condition-coverage="50% (1/2)">
              <conditions>
                <condition number="127" type="jump" coverage="50%" />
              </conditions>
            </line>
            <line number="476" hits="108" branch="False" />
            <line number="477" hits="108" branch="False" />
            <line number="479" hits="0" branch="False" />
            <line number="480" hits="111" branch="False" />
            <line number="483" hits="113" branch="False" />
            <line number="484" hits="113" branch="True" condition-coverage="100% (2/2)">
              <conditions>
                <condition number="2" type="jump" coverage="100%" />
              </conditions>
            </line>
            <line number="485" hits="113" branch="False" />
            <line number="486" hits="113" branch="False" />
          </lines>
        </class>
      </classes>
    </package>
  </packages>
</coverage>