<?xml version="1.0" encoding="utf-8"?>
<coverage line-rate="0.6970000000000001" branch-rate="0.6862" version="1.9" timestamp="1598796814" lines-covered="237" lines-valid="340" branches-covered="175" branches-valid="255">
  <sources>
    <source>D:\</source>
  </sources>
  <packages>
    <package name="GeorgianHelper.Abstraction" line-rate="1" branch-rate="1" complexity="0">
      <classes />
    </package>
    <package name="GeorgianHelper" line-rate="0.6970000000000001" branch-rate="0.6862" complexity="255">
      <classes>
        <class name="GeorgianHelper.StringHelper" filename="Code Projects\iNeed\iNeed.Common\GeorgianHelper\StringHelper.cs" line-rate="0.6970000000000001" branch-rate="0.6862" complexity="255">
          <methods>
            <method name="GeoUnicodeToLat" signature="(System.String)" line-rate="0" branch-rate="0" complexity="38">
              <lines>
                <line number="10" hits="0" branch="False" />
                <line number="11" hits="0" branch="False" />
                <line number="12" hits="0" branch="True" condition-coverage="0% (0/2)">
                  <conditions>
                    <condition number="674" type="jump" coverage="0%" />
                  </conditions>
                </line>
                <line number="13" hits="0" branch="False" />
                <line number="14" hits="0" branch="True" condition-coverage="0% (0/36)">
                  <conditions>
                    <condition number="37" type="jump" coverage="0%" />
                    <condition number="52" type="switch" coverage="0%" />
                  </conditions>
                </line>
                <line number="17" hits="0" branch="False" />
                <line number="18" hits="0" branch="False" />
                <line number="20" hits="0" branch="False" />
                <line number="21" hits="0" branch="False" />
                <line number="23" hits="0" branch="False" />
                <line number="24" hits="0" branch="False" />
                <line number="26" hits="0" branch="False" />
                <line number="27" hits="0" branch="False" />
                <line number="29" hits="0" branch="False" />
                <line number="30" hits="0" branch="False" />
                <line number="32" hits="0" branch="False" />
                <line number="33" hits="0" branch="False" />
                <line number="35" hits="0" branch="False" />
                <line number="36" hits="0" branch="False" />
                <line number="38" hits="0" branch="False" />
                <line number="39" hits="0" branch="False" />
                <line number="41" hits="0" branch="False" />
                <line number="42" hits="0" branch="False" />
                <line number="44" hits="0" branch="False" />
                <line number="45" hits="0" branch="False" />
                <line number="47" hits="0" branch="False" />
                <line number="48" hits="0" branch="False" />
                <line number="50" hits="0" branch="False" />
                <line number="51" hits="0" branch="False" />
                <line number="53" hits="0" branch="False" />
                <line number="54" hits="0" branch="False" />
                <line number="56" hits="0" branch="False" />
                <line number="57" hits="0" branch="False" />
                <line number="59" hits="0" branch="False" />
                <line number="60" hits="0" branch="False" />
                <line number="62" hits="0" branch="False" />
                <line number="63" hits="0" branch="False" />
                <line number="65" hits="0" branch="False" />
                <line number="66" hits="0" branch="False" />
                <line number="68" hits="0" branch="False" />
                <line number="69" hits="0" branch="False" />
                <line number="71" hits="0" branch="False" />
                <line number="72" hits="0" branch="False" />
                <line number="74" hits="0" branch="False" />
                <line number="75" hits="0" branch="False" />
                <line number="77" hits="0" branch="False" />
                <line number="78" hits="0" branch="False" />
                <line number="80" hits="0" branch="False" />
                <line number="81" hits="0" branch="False" />
                <line number="83" hits="0" branch="False" />
                <line number="84" hits="0" branch="False" />
                <line number="86" hits="0" branch="False" />
                <line number="87" hits="0" branch="False" />
                <line number="89" hits="0" branch="False" />
                <line number="90" hits="0" branch="False" />
                <line number="92" hits="0" branch="False" />
                <line number="93" hits="0" branch="False" />
                <line number="95" hits="0" branch="False" />
                <line number="96" hits="0" branch="False" />
                <line number="98" hits="0" branch="False" />
                <line number="99" hits="0" branch="False" />
                <line number="101" hits="0" branch="False" />
                <line number="102" hits="0" branch="False" />
                <line number="104" hits="0" branch="False" />
                <line number="105" hits="0" branch="False" />
                <line number="107" hits="0" branch="False" />
                <line number="108" hits="0" branch="False" />
                <line number="110" hits="0" branch="False" />
                <line number="111" hits="0" branch="False" />
                <line number="113" hits="0" branch="False" />
                <line number="114" hits="0" branch="False" />
                <line number="116" hits="0" branch="False" />
                <line number="117" hits="0" branch="False" />
                <line number="119" hits="0" branch="False" />
                <line number="120" hits="0" branch="False" />
                <line number="122" hits="0" branch="False" />
                <line number="123" hits="0" branch="False" />
                <line number="124" hits="0" branch="False" />
              </lines>
            </method>
            <method name="GetOneSignDigitName" signature="(System.String)" line-rate="0.8823000000000001" branch-rate="0.8461" complexity="13">
              <lines>
                <line number="128" hits="156" branch="False" />
                <line number="129" hits="156" branch="True" condition-coverage="50% (1/2)">
                  <conditions>
                    <condition number="12" type="jump" coverage="50%" />
                  </conditions>
                </line>
                <line number="130" hits="156" branch="False" />
                <line number="131" hits="156" branch="True" condition-coverage="90.9% (10/11)">
                  <conditions>
                    <condition number="32" type="switch" coverage="90.9%" />
                  </conditions>
                </line>
                <line number="133" hits="74" branch="False" />
                <line number="134" hits="27" branch="False" />
                <line number="135" hits="13" branch="False" />
                <line number="136" hits="6" branch="False" />
                <line number="137" hits="6" branch="False" />
                <line number="138" hits="10" branch="False" />
                <line number="139" hits="5" branch="False" />
                <line number="140" hits="5" branch="False" />
                <line number="141" hits="5" branch="False" />
                <line number="142" hits="5" branch="False" />
                <line number="144" hits="0" branch="False" />
                <line number="145" hits="0" branch="False" />
                <line number="146" hits="156" branch="False" />
              </lines>
            </method>
            <method name="GetToNineteenName" signature="(System.String)" line-rate="0.9" branch-rate="0.7" complexity="50">
              <lines>
                <line number="148" hits="54" branch="False" />
                <line number="149" hits="54" branch="True" condition-coverage="100% (2/2)">
                  <conditions>
                    <condition number="12" type="jump" coverage="100%" />
                  </conditions>
                </line>
                <line number="150" hits="43" branch="False" />
                <line number="151" hits="43" branch="True" condition-coverage="69.56% (32/46)">
                  <conditions>
                    <condition number="35" type="jump" coverage="100%" />
                    <condition number="43" type="jump" coverage="100%" />
                    <condition number="51" type="jump" coverage="100%" />
                    <condition number="80" type="jump" coverage="100%" />
                    <condition number="93" type="jump" coverage="100%" />
                    <condition number="122" type="jump" coverage="100%" />
                    <condition number="130" type="jump" coverage="100%" />
                    <condition number="156" type="jump" coverage="100%" />
                    <condition number="166" type="jump" coverage="100%" />
                    <condition number="143" type="jump" coverage="50%" />
                    <condition number="176" type="jump" coverage="50%" />
                    <condition number="106" type="jump" coverage="50%" />
                    <condition number="64" type="jump" coverage="50%" />
                    <condition number="194" type="jump" coverage="50%" />
                    <condition number="215" type="jump" coverage="50%" />
                    <condition number="236" type="jump" coverage="50%" />
                    <condition number="257" type="jump" coverage="50%" />
                    <condition number="278" type="jump" coverage="50%" />
                    <condition number="296" type="jump" coverage="50%" />
                    <condition number="314" type="jump" coverage="50%" />
                    <condition number="332" type="jump" coverage="50%" />
                    <condition number="347" type="jump" coverage="50%" />
                    <condition number="362" type="jump" coverage="50%" />
                  </conditions>
                </line>
                <line number="153" hits="22" branch="False" />
                <line number="154" hits="5" branch="False" />
                <line number="155" hits="2" branch="False" />
                <line number="156" hits="2" branch="False" />
                <line number="157" hits="2" branch="False" />
                <line number="158" hits="2" branch="False" />
                <line number="159" hits="2" branch="False" />
                <line number="160" hits="2" branch="False" />
                <line number="161" hits="2" branch="False" />
                <line number="162" hits="2" branch="False" />
                <line number="164" hits="0" branch="False" />
                <line number="165" hits="11" branch="True" condition-coverage="50% (1/2)">
                  <conditions>
                    <condition number="472" type="jump" coverage="50%" />
                  </conditions>
                </line>
                <line number="166" hits="11" branch="False" />
                <line number="167" hits="11" branch="False" />
                <line number="169" hits="0" branch="False" />
                <line number="170" hits="54" branch="False" />
              </lines>
            </method>
            <method name="GetTwoSignDigitName" signature="(System.String,System.String)" line-rate="0.8823000000000001" branch-rate="0.8695" complexity="23">
              <lines>
                <line number="172" hits="219" branch="False" />
                <line number="173" hits="219" branch="True" condition-coverage="100% (2/2)">
                  <conditions>
                    <condition number="12" type="jump" coverage="100%" />
                  </conditions>
                </line>
                <line number="174" hits="99" branch="False" />
                <line number="175" hits="99" branch="False" />
                <line number="176" hits="99" branch="True" condition-coverage="90.9% (10/11)">
                  <conditions>
                    <condition number="39" type="switch" coverage="90.9%" />
                  </conditions>
                </line>
                <line number="178" hits="25" branch="False" />
                <line number="179" hits="42" branch="False" />
                <line number="181" hits="10" branch="True" condition-coverage="100% (2/2)">
                  <conditions>
                    <condition number="143" type="jump" coverage="100%" />
                  </conditions>
                </line>
                <line number="183" hits="8" branch="True" condition-coverage="100% (2/2)">
                  <conditions>
                    <condition number="201" type="jump" coverage="100%" />
                  </conditions>
                </line>
                <line number="185" hits="11" branch="True" condition-coverage="50% (1/2)">
                  <conditions>
                    <condition number="259" type="jump" coverage="50%" />
                  </conditions>
                </line>
                <line number="187" hits="3" branch="True" condition-coverage="100% (2/2)">
                  <conditions>
                    <condition number="314" type="jump" coverage="100%" />
                  </conditions>
                </line>
                <line number="189" hits="0" branch="False" />
                <line number="190" hits="120" branch="True" condition-coverage="50% (1/2)">
                  <conditions>
                    <condition number="374" type="jump" coverage="50%" />
                  </conditions>
                </line>
                <line number="191" hits="120" branch="False" />
                <line number="192" hits="120" branch="False" />
                <line number="194" hits="0" branch="False" />
                <line number="195" hits="219" branch="False" />
              </lines>
            </method>
            <method name="GetThreeSignDigitName" signature="(System.String,System.String)" line-rate="0.909" branch-rate="0.8484" complexity="33">
              <lines>
                <line number="197" hits="193" branch="False" />
                <line number="198" hits="193" branch="True" condition-coverage="100% (2/2)">
                  <conditions>
                    <condition number="12" type="jump" coverage="100%" />
                  </conditions>
                </line>
                <line number="199" hits="101" branch="False" />
                <line number="200" hits="101" branch="False" />
                <line number="201" hits="101" branch="False" />
                <line number="202" hits="101" branch="True" condition-coverage="90.9% (10/11)">
                  <conditions>
                    <condition number="59" type="switch" coverage="90.9%" />
                  </conditions>
                </line>
                <line number="204" hits="26" branch="False" />
                <line number="205" hits="26" branch="True" condition-coverage="100% (2/2)">
                  <conditions>
                    <condition number="173" type="jump" coverage="100%" />
                  </conditions>
                </line>
                <line number="206" hits="3" branch="True" condition-coverage="100% (2/2)">
                  <conditions>
                    <condition number="213" type="jump" coverage="100%" />
                  </conditions>
                </line>
                <line number="207" hits="2" branch="True" condition-coverage="100% (2/2)">
                  <conditions>
                    <condition number="253" type="jump" coverage="100%" />
                  </conditions>
                </line>
                <line number="208" hits="4" branch="True" condition-coverage="100% (2/2)">
                  <conditions>
                    <condition number="293" type="jump" coverage="100%" />
                  </conditions>
                </line>
                <line number="209" hits="2" branch="True" condition-coverage="100% (2/2)">
                  <conditions>
                    <condition number="333" type="jump" coverage="100%" />
                  </conditions>
                </line>
                <line number="210" hits="2" branch="True" condition-coverage="50% (1/2)">
                  <conditions>
                    <condition number="373" type="jump" coverage="50%" />
                  </conditions>
                </line>
                <line number="211" hits="10" branch="True" condition-coverage="100% (2/2)">
                  <conditions>
                    <condition number="413" type="jump" coverage="100%" />
                  </conditions>
                </line>
                <line number="212" hits="13" branch="True" condition-coverage="50% (1/2)">
                  <conditions>
                    <condition number="450" type="jump" coverage="50%" />
                  </conditions>
                </line>
                <line number="213" hits="13" branch="True" condition-coverage="50% (1/2)">
                  <conditions>
                    <condition number="487" type="jump" coverage="50%" />
                  </conditions>
                </line>
                <line number="215" hits="0" branch="False" />
                <line number="216" hits="92" branch="True" condition-coverage="50% (1/2)">
                  <conditions>
                    <condition number="524" type="jump" coverage="50%" />
                  </conditions>
                </line>
                <line number="217" hits="92" branch="False" />
                <line number="218" hits="92" branch="False" />
                <line number="220" hits="0" branch="False" />
                <line number="221" hits="193" branch="False" />
              </lines>
            </method>
            <method name="GetFourSignDigitName" signature="(System.String,System.String)" line-rate="0.9166" branch-rate="0.8332999999999999" complexity="6">
              <lines>
                <line number="223" hits="144" branch="False" />
                <line number="224" hits="144" branch="True" condition-coverage="100% (2/2)">
                  <conditions>
                    <condition number="12" type="jump" coverage="100%" />
                  </conditions>
                </line>
                <line number="225" hits="24" branch="False" />
                <line number="226" hits="24" branch="False" />
                <line number="227" hits="24" branch="True" condition-coverage="100% (2/2)">
                  <conditions>
                    <condition number="36" type="jump" coverage="100%" />
                  </conditions>
                </line>
                <line number="229" hits="13" branch="False" />
                <line number="230" hits="11" branch="False" />
                <line number="233" hits="120" branch="True" condition-coverage="50% (1/2)">
                  <conditions>
                    <condition number="133" type="jump" coverage="50%" />
                  </conditions>
                </line>
                <line number="234" hits="120" branch="False" />
                <line number="235" hits="120" branch="False" />
                <line number="237" hits="0" branch="False" />
                <line number="238" hits="144" branch="False" />
              </lines>
            </method>
            <method name="GetFiveSignDigitName" signature="(System.String,System.String)" line-rate="0.909" branch-rate="0.8332999999999999" complexity="6">
              <lines>
                <line number="240" hits="148" branch="False" />
                <line number="241" hits="148" branch="True" condition-coverage="100% (2/2)">
                  <conditions>
                    <condition number="12" type="jump" coverage="100%" />
                  </conditions>
                </line>
                <line number="242" hits="17" branch="False" />
                <line number="243" hits="17" branch="True" condition-coverage="100% (2/2)">
                  <conditions>
                    <condition number="28" type="jump" coverage="100%" />
                  </conditions>
                </line>
                <line number="245" hits="13" branch="False" />
                <line number="246" hits="4" branch="False" />
                <line number="249" hits="131" branch="True" condition-coverage="50% (1/2)">
                  <conditions>
                    <condition number="127" type="jump" coverage="50%" />
                  </conditions>
                </line>
                <line number="250" hits="131" branch="False" />
                <line number="251" hits="131" branch="False" />
                <line number="253" hits="0" branch="False" />
                <line number="254" hits="148" branch="False" />
              </lines>
            </method>
            <method name="GetSixSignDigitName" signature="(System.String,System.String)" line-rate="0.909" branch-rate="0.8332999999999999" complexity="6">
              <lines>
                <line number="256" hits="163" branch="False" />
                <line number="257" hits="163" branch="True" condition-coverage="100% (2/2)">
                  <conditions>
                    <condition number="12" type="jump" coverage="100%" />
                  </conditions>
                </line>
                <line number="258" hits="28" branch="False" />
                <line number="259" hits="28" branch="True" condition-coverage="100% (2/2)">
                  <conditions>
                    <condition number="28" type="jump" coverage="100%" />
                  </conditions>
                </line>
                <line number="261" hits="13" branch="False" />
                <line number="262" hits="15" branch="False" />
                <line number="265" hits="135" branch="True" condition-coverage="50% (1/2)">
                  <conditions>
                    <condition number="127" type="jump" coverage="50%" />
                  </conditions>
                </line>
                <line number="266" hits="135" branch="False" />
                <line number="267" hits="135" branch="False" />
                <line number="269" hits="0" branch="False" />
                <line number="270" hits="163" branch="False" />
              </lines>
            </method>
            <method name="GetSevenSignDigitName" signature="(System.String,System.String)" line-rate="0.9166" branch-rate="0.8332999999999999" complexity="6">
              <lines>
                <line number="272" hits="133" branch="False" />
                <line number="273" hits="133" branch="True" condition-coverage="100% (2/2)">
                  <conditions>
                    <condition number="12" type="jump" coverage="100%" />
                  </conditions>
                </line>
                <line number="274" hits="12" branch="False" />
                <line number="275" hits="12" branch="False" />
                <line number="276" hits="12" branch="True" condition-coverage="100% (2/2)">
                  <conditions>
                    <condition number="36" type="jump" coverage="100%" />
                  </conditions>
                </line>
                <line number="278" hits="10" branch="False" />
                <line number="279" hits="2" branch="False" />
                <line number="282" hits="121" branch="True" condition-coverage="50% (1/2)">
                  <conditions>
                    <condition number="125" type="jump" coverage="50%" />
                  </conditions>
                </line>
                <line number="283" hits="121" branch="False" />
                <line number="284" hits="121" branch="False" />
                <line number="286" hits="0" branch="False" />
                <line number="287" hits="133" branch="False" />
              </lines>
            </method>
            <method name="GetEightSignDigitName" signature="(System.String,System.String)" line-rate="0.909" branch-rate="0.8332999999999999" complexity="6">
              <lines>
                <line number="289" hits="145" branch="False" />
                <line number="290" hits="145" branch="True" condition-coverage="100% (2/2)">
                  <conditions>
                    <condition number="12" type="jump" coverage="100%" />
                  </conditions>
                </line>
                <line number="291" hits="22" branch="False" />
                <line number="292" hits="22" branch="True" condition-coverage="100% (2/2)">
                  <conditions>
                    <condition number="28" type="jump" coverage="100%" />
                  </conditions>
                </line>
                <line number="294" hits="10" branch="False" />
                <line number="295" hits="12" branch="False" />
                <line number="298" hits="123" branch="True" condition-coverage="50% (1/2)">
                  <conditions>
                    <condition number="127" type="jump" coverage="50%" />
                  </conditions>
                </line>
                <line number="299" hits="123" branch="False" />
                <line number="300" hits="123" branch="False" />
                <line number="302" hits="0" branch="False" />
                <line number="303" hits="145" branch="False" />
              </lines>
            </method>
            <method name="GetNineSignDigitName" signature="(System.String,System.String)" line-rate="0.909" branch-rate="0.8332999999999999" complexity="6">
              <lines>
                <line number="305" hits="147" branch="False" />
                <line number="306" hits="147" branch="True" condition-coverage="100% (2/2)">
                  <conditions>
                    <condition number="13" type="jump" coverage="100%" />
                  </conditions>
                </line>
                <line number="307" hits="22" branch="False" />
                <line number="308" hits="22" branch="True" condition-coverage="100% (2/2)">
                  <conditions>
                    <condition number="29" type="jump" coverage="100%" />
                  </conditions>
                </line>
                <line number="310" hits="20" branch="False" />
                <line number="311" hits="2" branch="False" />
                <line number="314" hits="125" branch="True" condition-coverage="50% (1/2)">
                  <conditions>
                    <condition number="129" type="jump" coverage="50%" />
                  </conditions>
                </line>
                <line number="315" hits="125" branch="False" />
                <line number="316" hits="125" branch="False" />
                <line number="318" hits="0" branch="False" />
                <line number="319" hits="147" branch="False" />
              </lines>
            </method>
            <method name="GetTenSignDigitName" signature="(System.String,System.String)" line-rate="0.9166" branch-rate="0.8332999999999999" complexity="6">
              <lines>
                <line number="321" hits="121" branch="False" />
                <line number="322" hits="121" branch="True" condition-coverage="100% (2/2)">
                  <conditions>
                    <condition number="13" type="jump" coverage="100%" />
                  </conditions>
                </line>
                <line number="323" hits="9" branch="False" />
                <line number="324" hits="9" branch="False" />
                <line number="325" hits="9" branch="True" condition-coverage="100% (2/2)">
                  <conditions>
                    <condition number="37" type="jump" coverage="100%" />
                  </conditions>
                </line>
                <line number="327" hits="7" branch="False" />
                <line number="328" hits="2" branch="False" />
                <line number="331" hits="112" branch="True" condition-coverage="50% (1/2)">
                  <conditions>
                    <condition number="127" type="jump" coverage="50%" />
                  </conditions>
                </line>
                <line number="332" hits="112" branch="False" />
                <line number="333" hits="112" branch="False" />
                <line number="335" hits="0" branch="False" />
                <line number="336" hits="121" branch="False" />
              </lines>
            </method>
            <method name="GetElevenSignDigitName" signature="(System.String,System.String)" line-rate="0.909" branch-rate="0.8332999999999999" complexity="6">
              <lines>
                <line number="338" hits="124" branch="False" />
                <line number="339" hits="124" branch="True" condition-coverage="100% (2/2)">
                  <conditions>
                    <condition number="13" type="jump" coverage="100%" />
                  </conditions>
                </line>
                <line number="340" hits="10" branch="False" />
                <line number="341" hits="10" branch="True" condition-coverage="100% (2/2)">
                  <conditions>
                    <condition number="29" type="jump" coverage="100%" />
                  </conditions>
                </line>
                <line number="343" hits="7" branch="False" />
                <line number="344" hits="3" branch="False" />
                <line number="347" hits="114" branch="True" condition-coverage="50% (1/2)">
                  <conditions>
                    <condition number="129" type="jump" coverage="50%" />
                  </conditions>
                </line>
                <line number="348" hits="114" branch="False" />
                <line number="349" hits="114" branch="False" />
                <line number="351" hits="0" branch="False" />
                <line number="352" hits="124" branch="False" />
              </lines>
            </method>
            <method name="GetTwelveSignDigitName" signature="(System.String,System.String)" line-rate="0.909" branch-rate="0.8332999999999999" complexity="6">
              <lines>
                <line number="354" hits="133" branch="False" />
                <line number="355" hits="133" branch="True" condition-coverage="100% (2/2)">
                  <conditions>
                    <condition number="13" type="jump" coverage="100%" />
                  </conditions>
                </line>
                <line number="356" hits="17" branch="False" />
                <line number="357" hits="17" branch="True" condition-coverage="100% (2/2)">
                  <conditions>
                    <condition number="29" type="jump" coverage="100%" />
                  </conditions>
                </line>
                <line number="359" hits="8" branch="False" />
                <line number="360" hits="9" branch="False" />
                <line number="363" hits="116" branch="True" condition-coverage="50% (1/2)">
                  <conditions>
                    <condition number="129" type="jump" coverage="50%" />
                  </conditions>
                </line>
                <line number="364" hits="116" branch="False" />
                <line number="365" hits="116" branch="False" />
                <line number="367" hits="0" branch="False" />
                <line number="368" hits="133" branch="False" />
              </lines>
            </method>
            <method name="GetThirteenSignDigitName" signature="(System.String,System.String)" line-rate="0.9166" branch-rate="0.8332999999999999" complexity="6">
              <lines>
                <line number="370" hits="113" branch="False" />
                <line number="371" hits="113" branch="True" condition-coverage="100% (2/2)">
                  <conditions>
                    <condition number="13" type="jump" coverage="100%" />
                  </conditions>
                </line>
                <line number="372" hits="6" branch="False" />
                <line number="373" hits="6" branch="False" />
                <line number="374" hits="6" branch="True" condition-coverage="100% (2/2)">
                  <conditions>
                    <condition number="37" type="jump" coverage="100%" />
                  </conditions>
                </line>
                <line number="376" hits="4" branch="False" />
                <line number="377" hits="2" branch="False" />
                <line number="380" hits="107" branch="True" condition-coverage="50% (1/2)">
                  <conditions>
                    <condition number="127" type="jump" coverage="50%" />
                  </conditions>
                </line>
                <line number="381" hits="107" branch="False" />
                <line number="382" hits="107" branch="False" />
                <line number="384" hits="0" branch="False" />
                <line number="385" hits="113" branch="False" />
              </lines>
            </method>
            <method name="GetFourteenSignDigitName" signature="(System.String,System.String)" line-rate="0.909" branch-rate="0.8332999999999999" complexity="6">
              <lines>
                <line number="387" hits="115" branch="False" />
                <line number="388" hits="115" branch="True" condition-coverage="100% (2/2)">
                  <conditions>
                    <condition number="13" type="jump" coverage="100%" />
                  </conditions>
                </line>
                <line number="389" hits="6" branch="False" />
                <line number="390" hits="6" branch="True" condition-coverage="100% (2/2)">
                  <conditions>
                    <condition number="29" type="jump" coverage="100%" />
                  </conditions>
                </line>
                <line number="392" hits="4" branch="False" />
                <line number="393" hits="2" branch="False" />
                <line number="396" hits="109" branch="True" condition-coverage="50% (1/2)">
                  <conditions>
                    <condition number="129" type="jump" coverage="50%" />
                  </conditions>
                </line>
                <line number="397" hits="109" branch="False" />
                <line number="398" hits="109" branch="False" />
                <line number="400" hits="0" branch="False" />
                <line number="401" hits="115" branch="False" />
              </lines>
            </method>
            <method name="GetFiveteenSignDigitName" signature="(System.String,System.String)" line-rate="0.909" branch-rate="0.8332999999999999" complexity="6">
              <lines>
                <line number="403" hits="122" branch="False" />
                <line number="404" hits="122" branch="True" condition-coverage="100% (2/2)">
                  <conditions>
                    <condition number="13" type="jump" coverage="100%" />
                  </conditions>
                </line>
                <line number="405" hits="11" branch="False" />
                <line number="406" hits="11" branch="True" condition-coverage="100% (2/2)">
                  <conditions>
                    <condition number="29" type="jump" coverage="100%" />
                  </conditions>
                </line>
                <line number="408" hits="4" branch="False" />
                <line number="409" hits="7" branch="False" />
                <line number="412" hits="111" branch="True" condition-coverage="50% (1/2)">
                  <conditions>
                    <condition number="129" type="jump" coverage="50%" />
                  </conditions>
                </line>
                <line number="413" hits="111" branch="False" />
                <line number="414" hits="111" branch="False" />
                <line number="416" hits="0" branch="False" />
                <line number="417" hits="122" branch="False" />
              </lines>
            </method>
            <method name="GetSixteenSignDigitName" signature="(System.String,System.String)" line-rate="0.9166" branch-rate="0.8332999999999999" complexity="6">
              <lines>
                <line number="419" hits="108" branch="False" />
                <line number="420" hits="108" branch="True" condition-coverage="100% (2/2)">
                  <conditions>
                    <condition number="13" type="jump" coverage="100%" />
                  </conditions>
                </line>
                <line number="421" hits="3" branch="False" />
                <line number="422" hits="3" branch="False" />
                <line number="423" hits="3" branch="True" condition-coverage="100% (2/2)">
                  <conditions>
                    <condition number="37" type="jump" coverage="100%" />
                  </conditions>
                </line>
                <line number="425" hits="1" branch="False" />
                <line number="426" hits="2" branch="False" />
                <line number="429" hits="105" branch="True" condition-coverage="50% (1/2)">
                  <conditions>
                    <condition number="127" type="jump" coverage="50%" />
                  </conditions>
                </line>
                <line number="430" hits="105" branch="False" />
                <line number="431" hits="105" branch="False" />
                <line number="433" hits="0" branch="False" />
                <line number="434" hits="108" branch="False" />
              </lines>
            </method>
            <method name="GetSeventeenSignDigitName" signature="(System.String,System.String)" line-rate="0.909" branch-rate="0.8332999999999999" complexity="6">
              <lines>
                <line number="436" hits="111" branch="False" />
                <line number="437" hits="111" branch="True" condition-coverage="100% (2/2)">
                  <conditions>
                    <condition number="13" type="jump" coverage="100%" />
                  </conditions>
                </line>
                <line number="438" hits="4" branch="False" />
                <line number="439" hits="4" branch="True" condition-coverage="100% (2/2)">
                  <conditions>
                    <condition number="29" type="jump" coverage="100%" />
                  </conditions>
                </line>
                <line number="441" hits="1" branch="False" />
                <line number="442" hits="3" branch="False" />
                <line number="445" hits="107" branch="True" condition-coverage="50% (1/2)">
                  <conditions>
                    <condition number="129" type="jump" coverage="50%" />
                  </conditions>
                </line>
                <line number="446" hits="107" branch="False" />
                <line number="447" hits="107" branch="False" />
                <line number="449" hits="0" branch="False" />
                <line number="450" hits="111" branch="False" />
              </lines>
            </method>
            <method name="GetEightteenSignDigitName" signature="(System.String,System.String)" line-rate="0.909" branch-rate="0.8332999999999999" complexity="6">
              <lines>
                <line number="452" hits="114" branch="False" />
                <line number="453" hits="114" branch="True" condition-coverage="100% (2/2)">
                  <conditions>
                    <condition number="13" type="jump" coverage="100%" />
                  </conditions>
                </line>
                <line number="454" hits="5" branch="False" />
                <line number="455" hits="5" branch="True" condition-coverage="100% (2/2)">
                  <conditions>
                    <condition number="29" type="jump" coverage="100%" />
                  </conditions>
                </line>
                <line number="457" hits="2" branch="False" />
                <line number="458" hits="3" branch="False" />
                <line number="461" hits="109" branch="True" condition-coverage="50% (1/2)">
                  <conditions>
                    <condition number="129" type="jump" coverage="50%" />
                  </conditions>
                </line>
                <line number="462" hits="109" branch="False" />
                <line number="463" hits="109" branch="False" />
                <line number="465" hits="0" branch="False" />
                <line number="466" hits="114" branch="False" />
              </lines>
            </method>
            <method name="GetNineteenSignDigitName" signature="(System.String,System.String)" line-rate="0.8332999999999999" branch-rate="0.6666" complexity="6">
              <lines>
                <line number="468" hits="111" branch="False" />
                <line number="469" hits="111" branch="True" condition-coverage="100% (2/2)">
                  <conditions>
                    <condition number="13" type="jump" coverage="100%" />
                  </conditions>
                </line>
                <line number="470" hits="3" branch="False" />
                <line number="471" hits="3" branch="False" />
                <line number="472" hits="3" branch="True" condition-coverage="50% (1/2)">
                  <conditions>
                    <condition number="37" type="jump" coverage="50%" />
                  </conditions>
                </line>
                <line number="474" hits="0" branch="False" />
                <line number="475" hits="3" branch="False" />
                <line number="478" hits="108" branch="True" condition-coverage="50% (1/2)">
                  <conditions>
                    <condition number="127" type="jump" coverage="50%" />
                  </conditions>
                </line>
                <line number="479" hits="108" branch="False" />
                <line number="480" hits="108" branch="False" />
                <line number="482" hits="0" branch="False" />
                <line number="483" hits="111" branch="False" />
              </lines>
            </method>
            <method name="GetNumberName" signature="(System.Int64,System.String)" line-rate="1" branch-rate="1" complexity="2">
              <lines>
                <line number="486" hits="113" branch="False" />
                <line number="487" hits="113" branch="True" condition-coverage="100% (2/2)">
                  <conditions>
                    <condition number="2" type="jump" coverage="100%" />
                  </conditions>
                </line>
                <line number="488" hits="113" branch="False" />
                <line number="489" hits="113" branch="False" />
              </lines>
            </method>
          </methods>
          <lines>
            <line number="10" hits="0" branch="False" />
            <line number="11" hits="0" branch="False" />
            <line number="12" hits="0" branch="True" condition-coverage="0% (0/2)">
              <conditions>
                <condition number="674" type="jump" coverage="0%" />
              </conditions>
            </line>
            <line number="13" hits="0" branch="False" />
            <line number="14" hits="0" branch="True" condition-coverage="0% (0/36)">
              <conditions>
                <condition number="37" type="jump" coverage="0%" />
                <condition number="52" type="switch" coverage="0%" />
              </conditions>
            </line>
            <line number="17" hits="0" branch="False" />
            <line number="18" hits="0" branch="False" />
            <line number="20" hits="0" branch="False" />
            <line number="21" hits="0" branch="False" />
            <line number="23" hits="0" branch="False" />
            <line number="24" hits="0" branch="False" />
            <line number="26" hits="0" branch="False" />
            <line number="27" hits="0" branch="False" />
            <line number="29" hits="0" branch="False" />
            <line number="30" hits="0" branch="False" />
            <line number="32" hits="0" branch="False" />
            <line number="33" hits="0" branch="False" />
            <line number="35" hits="0" branch="False" />
            <line number="36" hits="0" branch="False" />
            <line number="38" hits="0" branch="False" />
            <line number="39" hits="0" branch="False" />
            <line number="41" hits="0" branch="False" />
            <line number="42" hits="0" branch="False" />
            <line number="44" hits="0" branch="False" />
            <line number="45" hits="0" branch="False" />
            <line number="47" hits="0" branch="False" />
            <line number="48" hits="0" branch="False" />
            <line number="50" hits="0" branch="False" />
            <line number="51" hits="0" branch="False" />
            <line number="53" hits="0" branch="False" />
            <line number="54" hits="0" branch="False" />
            <line number="56" hits="0" branch="False" />
            <line number="57" hits="0" branch="False" />
            <line number="59" hits="0" branch="False" />
            <line number="60" hits="0" branch="False" />
            <line number="62" hits="0" branch="False" />
            <line number="63" hits="0" branch="False" />
            <line number="65" hits="0" branch="False" />
            <line number="66" hits="0" branch="False" />
            <line number="68" hits="0" branch="False" />
            <line number="69" hits="0" branch="False" />
            <line number="71" hits="0" branch="False" />
            <line number="72" hits="0" branch="False" />
            <line number="74" hits="0" branch="False" />
            <line number="75" hits="0" branch="False" />
            <line number="77" hits="0" branch="False" />
            <line number="78" hits="0" branch="False" />
            <line number="80" hits="0" branch="False" />
            <line number="81" hits="0" branch="False" />
            <line number="83" hits="0" branch="False" />
            <line number="84" hits="0" branch="False" />
            <line number="86" hits="0" branch="False" />
            <line number="87" hits="0" branch="False" />
            <line number="89" hits="0" branch="False" />
            <line number="90" hits="0" branch="False" />
            <line number="92" hits="0" branch="False" />
            <line number="93" hits="0" branch="False" />
            <line number="95" hits="0" branch="False" />
            <line number="96" hits="0" branch="False" />
            <line number="98" hits="0" branch="False" />
            <line number="99" hits="0" branch="False" />
            <line number="101" hits="0" branch="False" />
            <line number="102" hits="0" branch="False" />
            <line number="104" hits="0" branch="False" />
            <line number="105" hits="0" branch="False" />
            <line number="107" hits="0" branch="False" />
            <line number="108" hits="0" branch="False" />
            <line number="110" hits="0" branch="False" />
            <line number="111" hits="0" branch="False" />
            <line number="113" hits="0" branch="False" />
            <line number="114" hits="0" branch="False" />
            <line number="116" hits="0" branch="False" />
            <line number="117" hits="0" branch="False" />
            <line number="119" hits="0" branch="False" />
            <line number="120" hits="0" branch="False" />
            <line number="122" hits="0" branch="False" />
            <line number="123" hits="0" branch="False" />
            <line number="124" hits="0" branch="False" />
            <line number="128" hits="156" branch="False" />
            <line number="129" hits="156" branch="True" condition-coverage="50% (1/2)">
              <conditions>
                <condition number="12" type="jump" coverage="50%" />
              </conditions>
            </line>
            <line number="130" hits="156" branch="False" />
            <line number="131" hits="156" branch="True" condition-coverage="90.9% (10/11)">
              <conditions>
                <condition number="32" type="switch" coverage="90.9%" />
              </conditions>
            </line>
            <line number="133" hits="74" branch="False" />
            <line number="134" hits="27" branch="False" />
            <line number="135" hits="13" branch="False" />
            <line number="136" hits="6" branch="False" />
            <line number="137" hits="6" branch="False" />
            <line number="138" hits="10" branch="False" />
            <line number="139" hits="5" branch="False" />
            <line number="140" hits="5" branch="False" />
            <line number="141" hits="5" branch="False" />
            <line number="142" hits="5" branch="False" />
            <line number="144" hits="0" branch="False" />
            <line number="145" hits="0" branch="False" />
            <line number="146" hits="156" branch="False" />
            <line number="148" hits="54" branch="False" />
            <line number="149" hits="54" branch="True" condition-coverage="100% (2/2)">
              <conditions>
                <condition number="12" type="jump" coverage="100%" />
              </conditions>
            </line>
            <line number="150" hits="43" branch="False" />
            <line number="151" hits="43" branch="True" condition-coverage="69.56% (32/46)">
              <conditions>
                <condition number="35" type="jump" coverage="100%" />
                <condition number="43" type="jump" coverage="100%" />
                <condition number="51" type="jump" coverage="100%" />
                <condition number="80" type="jump" coverage="100%" />
                <condition number="93" type="jump" coverage="100%" />
                <condition number="122" type="jump" coverage="100%" />
                <condition number="130" type="jump" coverage="100%" />
                <condition number="156" type="jump" coverage="100%" />
                <condition number="166" type="jump" coverage="100%" />
                <condition number="143" type="jump" coverage="50%" />
                <condition number="176" type="jump" coverage="50%" />
                <condition number="106" type="jump" coverage="50%" />
                <condition number="64" type="jump" coverage="50%" />
                <condition number="194" type="jump" coverage="50%" />
                <condition number="215" type="jump" coverage="50%" />
                <condition number="236" type="jump" coverage="50%" />
                <condition number="257" type="jump" coverage="50%" />
                <condition number="278" type="jump" coverage="50%" />
                <condition number="296" type="jump" coverage="50%" />
                <condition number="314" type="jump" coverage="50%" />
                <condition number="332" type="jump" coverage="50%" />
                <condition number="347" type="jump" coverage="50%" />
                <condition number="362" type="jump" coverage="50%" />
              </conditions>
            </line>
            <line number="153" hits="22" branch="False" />
            <line number="154" hits="5" branch="False" />
            <line number="155" hits="2" branch="False" />
            <line number="156" hits="2" branch="False" />
            <line number="157" hits="2" branch="False" />
            <line number="158" hits="2" branch="False" />
            <line number="159" hits="2" branch="False" />
            <line number="160" hits="2" branch="False" />
            <line number="161" hits="2" branch="False" />
            <line number="162" hits="2" branch="False" />
            <line number="164" hits="0" branch="False" />
            <line number="165" hits="11" branch="True" condition-coverage="50% (1/2)">
              <conditions>
                <condition number="472" type="jump" coverage="50%" />
              </conditions>
            </line>
            <line number="166" hits="11" branch="False" />
            <line number="167" hits="11" branch="False" />
            <line number="169" hits="0" branch="False" />
            <line number="170" hits="54" branch="False" />
            <line number="172" hits="219" branch="False" />
            <line number="173" hits="219" branch="True" condition-coverage="100% (2/2)">
              <conditions>
                <condition number="12" type="jump" coverage="100%" />
              </conditions>
            </line>
            <line number="174" hits="99" branch="False" />
            <line number="175" hits="99" branch="False" />
            <line number="176" hits="99" branch="True" condition-coverage="90.9% (10/11)">
              <conditions>
                <condition number="39" type="switch" coverage="90.9%" />
              </conditions>
            </line>
            <line number="178" hits="25" branch="False" />
            <line number="179" hits="42" branch="False" />
            <line number="181" hits="10" branch="True" condition-coverage="100% (2/2)">
              <conditions>
                <condition number="143" type="jump" coverage="100%" />
              </conditions>
            </line>
            <line number="183" hits="8" branch="True" condition-coverage="100% (2/2)">
              <conditions>
                <condition number="201" type="jump" coverage="100%" />
              </conditions>
            </line>
            <line number="185" hits="11" branch="True" condition-coverage="50% (1/2)">
              <conditions>
                <condition number="259" type="jump" coverage="50%" />
              </conditions>
            </line>
            <line number="187" hits="3" branch="True" condition-coverage="100% (2/2)">
              <conditions>
                <condition number="314" type="jump" coverage="100%" />
              </conditions>
            </line>
            <line number="189" hits="0" branch="False" />
            <line number="190" hits="120" branch="True" condition-coverage="50% (1/2)">
              <conditions>
                <condition number="374" type="jump" coverage="50%" />
              </conditions>
            </line>
            <line number="191" hits="120" branch="False" />
            <line number="192" hits="120" branch="False" />
            <line number="194" hits="0" branch="False" />
            <line number="195" hits="219" branch="False" />
            <line number="197" hits="193" branch="False" />
            <line number="198" hits="193" branch="True" condition-coverage="100% (2/2)">
              <conditions>
                <condition number="12" type="jump" coverage="100%" />
              </conditions>
            </line>
            <line number="199" hits="101" branch="False" />
            <line number="200" hits="101" branch="False" />
            <line number="201" hits="101" branch="False" />
            <line number="202" hits="101" branch="True" condition-coverage="90.9% (10/11)">
              <conditions>
                <condition number="59" type="switch" coverage="90.9%" />
              </conditions>
            </line>
            <line number="204" hits="26" branch="False" />
            <line number="205" hits="26" branch="True" condition-coverage="100% (2/2)">
              <conditions>
                <condition number="173" type="jump" coverage="100%" />
              </conditions>
            </line>
            <line number="206" hits="3" branch="True" condition-coverage="100% (2/2)">
              <conditions>
                <condition number="213" type="jump" coverage="100%" />
              </conditions>
            </line>
            <line number="207" hits="2" branch="True" condition-coverage="100% (2/2)">
              <conditions>
                <condition number="253" type="jump" coverage="100%" />
              </conditions>
            </line>
            <line number="208" hits="4" branch="True" condition-coverage="100% (2/2)">
              <conditions>
                <condition number="293" type="jump" coverage="100%" />
              </conditions>
            </line>
            <line number="209" hits="2" branch="True" condition-coverage="100% (2/2)">
              <conditions>
                <condition number="333" type="jump" coverage="100%" />
              </conditions>
            </line>
            <line number="210" hits="2" branch="True" condition-coverage="50% (1/2)">
              <conditions>
                <condition number="373" type="jump" coverage="50%" />
              </conditions>
            </line>
            <line number="211" hits="10" branch="True" condition-coverage="100% (2/2)">
              <conditions>
                <condition number="413" type="jump" coverage="100%" />
              </conditions>
            </line>
            <line number="212" hits="13" branch="True" condition-coverage="50% (1/2)">
              <conditions>
                <condition number="450" type="jump" coverage="50%" />
              </conditions>
            </line>
            <line number="213" hits="13" branch="True" condition-coverage="50% (1/2)">
              <conditions>
                <condition number="487" type="jump" coverage="50%" />
              </conditions>
            </line>
            <line number="215" hits="0" branch="False" />
            <line number="216" hits="92" branch="True" condition-coverage="50% (1/2)">
              <conditions>
                <condition number="524" type="jump" coverage="50%" />
              </conditions>
            </line>
            <line number="217" hits="92" branch="False" />
            <line number="218" hits="92" branch="False" />
            <line number="220" hits="0" branch="False" />
            <line number="221" hits="193" branch="False" />
            <line number="223" hits="144" branch="False" />
            <line number="224" hits="144" branch="True" condition-coverage="100% (2/2)">
              <conditions>
                <condition number="12" type="jump" coverage="100%" />
              </conditions>
            </line>
            <line number="225" hits="24" branch="False" />
            <line number="226" hits="24" branch="False" />
            <line number="227" hits="24" branch="True" condition-coverage="100% (2/2)">
              <conditions>
                <condition number="36" type="jump" coverage="100%" />
              </conditions>
            </line>
            <line number="229" hits="13" branch="False" />
            <line number="230" hits="11" branch="False" />
            <line number="233" hits="120" branch="True" condition-coverage="50% (1/2)">
              <conditions>
                <condition number="133" type="jump" coverage="50%" />
              </conditions>
            </line>
            <line number="234" hits="120" branch="False" />
            <line number="235" hits="120" branch="False" />
            <line number="237" hits="0" branch="False" />
            <line number="238" hits="144" branch="False" />
            <line number="240" hits="148" branch="False" />
            <line number="241" hits="148" branch="True" condition-coverage="100% (2/2)">
              <conditions>
                <condition number="12" type="jump" coverage="100%" />
              </conditions>
            </line>
            <line number="242" hits="17" branch="False" />
            <line number="243" hits="17" branch="True" condition-coverage="100% (2/2)">
              <conditions>
                <condition number="28" type="jump" coverage="100%" />
              </conditions>
            </line>
            <line number="245" hits="13" branch="False" />
            <line number="246" hits="4" branch="False" />
            <line number="249" hits="131" branch="True" condition-coverage="50% (1/2)">
              <conditions>
                <condition number="127" type="jump" coverage="50%" />
              </conditions>
            </line>
            <line number="250" hits="131" branch="False" />
            <line number="251" hits="131" branch="False" />
            <line number="253" hits="0" branch="False" />
            <line number="254" hits="148" branch="False" />
            <line number="256" hits="163" branch="False" />
            <line number="257" hits="163" branch="True" condition-coverage="100% (2/2)">
              <conditions>
                <condition number="12" type="jump" coverage="100%" />
              </conditions>
            </line>
            <line number="258" hits="28" branch="False" />
            <line number="259" hits="28" branch="True" condition-coverage="100% (2/2)">
              <conditions>
                <condition number="28" type="jump" coverage="100%" />
              </conditions>
            </line>
            <line number="261" hits="13" branch="False" />
            <line number="262" hits="15" branch="False" />
            <line number="265" hits="135" branch="True" condition-coverage="50% (1/2)">
              <conditions>
                <condition number="127" type="jump" coverage="50%" />
              </conditions>
            </line>
            <line number="266" hits="135" branch="False" />
            <line number="267" hits="135" branch="False" />
            <line number="269" hits="0" branch="False" />
            <line number="270" hits="163" branch="False" />
            <line number="272" hits="133" branch="False" />
            <line number="273" hits="133" branch="True" condition-coverage="100% (2/2)">
              <conditions>
                <condition number="12" type="jump" coverage="100%" />
              </conditions>
            </line>
            <line number="274" hits="12" branch="False" />
            <line number="275" hits="12" branch="False" />
            <line number="276" hits="12" branch="True" condition-coverage="100% (2/2)">
              <conditions>
                <condition number="36" type="jump" coverage="100%" />
              </conditions>
            </line>
            <line number="278" hits="10" branch="False" />
            <line number="279" hits="2" branch="False" />
            <line number="282" hits="121" branch="True" condition-coverage="50% (1/2)">
              <conditions>
                <condition number="125" type="jump" coverage="50%" />
              </conditions>
            </line>
            <line number="283" hits="121" branch="False" />
            <line number="284" hits="121" branch="False" />
            <line number="286" hits="0" branch="False" />
            <line number="287" hits="133" branch="False" />
            <line number="289" hits="145" branch="False" />
            <line number="290" hits="145" branch="True" condition-coverage="100% (2/2)">
              <conditions>
                <condition number="12" type="jump" coverage="100%" />
              </conditions>
            </line>
            <line number="291" hits="22" branch="False" />
            <line number="292" hits="22" branch="True" condition-coverage="100% (2/2)">
              <conditions>
                <condition number="28" type="jump" coverage="100%" />
              </conditions>
            </line>
            <line number="294" hits="10" branch="False" />
            <line number="295" hits="12" branch="False" />
            <line number="298" hits="123" branch="True" condition-coverage="50% (1/2)">
              <conditions>
                <condition number="127" type="jump" coverage="50%" />
              </conditions>
            </line>
            <line number="299" hits="123" branch="False" />
            <line number="300" hits="123" branch="False" />
            <line number="302" hits="0" branch="False" />
            <line number="303" hits="145" branch="False" />
            <line number="305" hits="147" branch="False" />
            <line number="306" hits="147" branch="True" condition-coverage="100% (2/2)">
              <conditions>
                <condition number="13" type="jump" coverage="100%" />
              </conditions>
            </line>
            <line number="307" hits="22" branch="False" />
            <line number="308" hits="22" branch="True" condition-coverage="100% (2/2)">
              <conditions>
                <condition number="29" type="jump" coverage="100%" />
              </conditions>
            </line>
            <line number="310" hits="20" branch="False" />
            <line number="311" hits="2" branch="False" />
            <line number="314" hits="125" branch="True" condition-coverage="50% (1/2)">
              <conditions>
                <condition number="129" type="jump" coverage="50%" />
              </conditions>
            </line>
            <line number="315" hits="125" branch="False" />
            <line number="316" hits="125" branch="False" />
            <line number="318" hits="0" branch="False" />
            <line number="319" hits="147" branch="False" />
            <line number="321" hits="121" branch="False" />
            <line number="322" hits="121" branch="True" condition-coverage="100% (2/2)">
              <conditions>
                <condition number="13" type="jump" coverage="100%" />
              </conditions>
            </line>
            <line number="323" hits="9" branch="False" />
            <line number="324" hits="9" branch="False" />
            <line number="325" hits="9" branch="True" condition-coverage="100% (2/2)">
              <conditions>
                <condition number="37" type="jump" coverage="100%" />
              </conditions>
            </line>
            <line number="327" hits="7" branch="False" />
            <line number="328" hits="2" branch="False" />
            <line number="331" hits="112" branch="True" condition-coverage="50% (1/2)">
              <conditions>
                <condition number="127" type="jump" coverage="50%" />
              </conditions>
            </line>
            <line number="332" hits="112" branch="False" />
            <line number="333" hits="112" branch="False" />
            <line number="335" hits="0" branch="False" />
            <line number="336" hits="121" branch="False" />
            <line number="338" hits="124" branch="False" />
            <line number="339" hits="124" branch="True" condition-coverage="100% (2/2)">
              <conditions>
                <condition number="13" type="jump" coverage="100%" />
              </conditions>
            </line>
            <line number="340" hits="10" branch="False" />
            <line number="341" hits="10" branch="True" condition-coverage="100% (2/2)">
              <conditions>
                <condition number="29" type="jump" coverage="100%" />
              </conditions>
            </line>
            <line number="343" hits="7" branch="False" />
            <line number="344" hits="3" branch="False" />
            <line number="347" hits="114" branch="True" condition-coverage="50% (1/2)">
              <conditions>
                <condition number="129" type="jump" coverage="50%" />
              </conditions>
            </line>
            <line number="348" hits="114" branch="False" />
            <line number="349" hits="114" branch="False" />
            <line number="351" hits="0" branch="False" />
            <line number="352" hits="124" branch="False" />
            <line number="354" hits="133" branch="False" />
            <line number="355" hits="133" branch="True" condition-coverage="100% (2/2)">
              <conditions>
                <condition number="13" type="jump" coverage="100%" />
              </conditions>
            </line>
            <line number="356" hits="17" branch="False" />
            <line number="357" hits="17" branch="True" condition-coverage="100% (2/2)">
              <conditions>
                <condition number="29" type="jump" coverage="100%" />
              </conditions>
            </line>
            <line number="359" hits="8" branch="False" />
            <line number="360" hits="9" branch="False" />
            <line number="363" hits="116" branch="True" condition-coverage="50% (1/2)">
              <conditions>
                <condition number="129" type="jump" coverage="50%" />
              </conditions>
            </line>
            <line number="364" hits="116" branch="False" />
            <line number="365" hits="116" branch="False" />
            <line number="367" hits="0" branch="False" />
            <line number="368" hits="133" branch="False" />
            <line number="370" hits="113" branch="False" />
            <line number="371" hits="113" branch="True" condition-coverage="100% (2/2)">
              <conditions>
                <condition number="13" type="jump" coverage="100%" />
              </conditions>
            </line>
            <line number="372" hits="6" branch="False" />
            <line number="373" hits="6" branch="False" />
            <line number="374" hits="6" branch="True" condition-coverage="100% (2/2)">
              <conditions>
                <condition number="37" type="jump" coverage="100%" />
              </conditions>
            </line>
            <line number="376" hits="4" branch="False" />
            <line number="377" hits="2" branch="False" />
            <line number="380" hits="107" branch="True" condition-coverage="50% (1/2)">
              <conditions>
                <condition number="127" type="jump" coverage="50%" />
              </conditions>
            </line>
            <line number="381" hits="107" branch="False" />
            <line number="382" hits="107" branch="False" />
            <line number="384" hits="0" branch="False" />
            <line number="385" hits="113" branch="False" />
            <line number="387" hits="115" branch="False" />
            <line number="388" hits="115" branch="True" condition-coverage="100% (2/2)">
              <conditions>
                <condition number="13" type="jump" coverage="100%" />
              </conditions>
            </line>
            <line number="389" hits="6" branch="False" />
            <line number="390" hits="6" branch="True" condition-coverage="100% (2/2)">
              <conditions>
                <condition number="29" type="jump" coverage="100%" />
              </conditions>
            </line>
            <line number="392" hits="4" branch="False" />
            <line number="393" hits="2" branch="False" />
            <line number="396" hits="109" branch="True" condition-coverage="50% (1/2)">
              <conditions>
                <condition number="129" type="jump" coverage="50%" />
              </conditions>
            </line>
            <line number="397" hits="109" branch="False" />
            <line number="398" hits="109" branch="False" />
            <line number="400" hits="0" branch="False" />
            <line number="401" hits="115" branch="False" />
            <line number="403" hits="122" branch="False" />
            <line number="404" hits="122" branch="True" condition-coverage="100% (2/2)">
              <conditions>
                <condition number="13" type="jump" coverage="100%" />
              </conditions>
            </line>
            <line number="405" hits="11" branch="False" />
            <line number="406" hits="11" branch="True" condition-coverage="100% (2/2)">
              <conditions>
                <condition number="29" type="jump" coverage="100%" />
              </conditions>
            </line>
            <line number="408" hits="4" branch="False" />
            <line number="409" hits="7" branch="False" />
            <line number="412" hits="111" branch="True" condition-coverage="50% (1/2)">
              <conditions>
                <condition number="129" type="jump" coverage="50%" />
              </conditions>
            </line>
            <line number="413" hits="111" branch="False" />
            <line number="414" hits="111" branch="False" />
            <line number="416" hits="0" branch="False" />
            <line number="417" hits="122" branch="False" />
            <line number="419" hits="108" branch="False" />
            <line number="420" hits="108" branch="True" condition-coverage="100% (2/2)">
              <conditions>
                <condition number="13" type="jump" coverage="100%" />
              </conditions>
            </line>
            <line number="421" hits="3" branch="False" />
            <line number="422" hits="3" branch="False" />
            <line number="423" hits="3" branch="True" condition-coverage="100% (2/2)">
              <conditions>
                <condition number="37" type="jump" coverage="100%" />
              </conditions>
            </line>
            <line number="425" hits="1" branch="False" />
            <line number="426" hits="2" branch="False" />
            <line number="429" hits="105" branch="True" condition-coverage="50% (1/2)">
              <conditions>
                <condition number="127" type="jump" coverage="50%" />
              </conditions>
            </line>
            <line number="430" hits="105" branch="False" />
            <line number="431" hits="105" branch="False" />
            <line number="433" hits="0" branch="False" />
            <line number="434" hits="108" branch="False" />
            <line number="436" hits="111" branch="False" />
            <line number="437" hits="111" branch="True" condition-coverage="100% (2/2)">
              <conditions>
                <condition number="13" type="jump" coverage="100%" />
              </conditions>
            </line>
            <line number="438" hits="4" branch="False" />
            <line number="439" hits="4" branch="True" condition-coverage="100% (2/2)">
              <conditions>
                <condition number="29" type="jump" coverage="100%" />
              </conditions>
            </line>
            <line number="441" hits="1" branch="False" />
            <line number="442" hits="3" branch="False" />
            <line number="445" hits="107" branch="True" condition-coverage="50% (1/2)">
              <conditions>
                <condition number="129" type="jump" coverage="50%" />
              </conditions>
            </line>
            <line number="446" hits="107" branch="False" />
            <line number="447" hits="107" branch="False" />
            <line number="449" hits="0" branch="False" />
            <line number="450" hits="111" branch="False" />
            <line number="452" hits="114" branch="False" />
            <line number="453" hits="114" branch="True" condition-coverage="100% (2/2)">
              <conditions>
                <condition number="13" type="jump" coverage="100%" />
              </conditions>
            </line>
            <line number="454" hits="5" branch="False" />
            <line number="455" hits="5" branch="True" condition-coverage="100% (2/2)">
              <conditions>
                <condition number="29" type="jump" coverage="100%" />
              </conditions>
            </line>
            <line number="457" hits="2" branch="False" />
            <line number="458" hits="3" branch="False" />
            <line number="461" hits="109" branch="True" condition-coverage="50% (1/2)">
              <conditions>
                <condition number="129" type="jump" coverage="50%" />
              </conditions>
            </line>
            <line number="462" hits="109" branch="False" />
            <line number="463" hits="109" branch="False" />
            <line number="465" hits="0" branch="False" />
            <line number="466" hits="114" branch="False" />
            <line number="468" hits="111" branch="False" />
            <line number="469" hits="111" branch="True" condition-coverage="100% (2/2)">
              <conditions>
                <condition number="13" type="jump" coverage="100%" />
              </conditions>
            </line>
            <line number="470" hits="3" branch="False" />
            <line number="471" hits="3" branch="False" />
            <line number="472" hits="3" branch="True" condition-coverage="50% (1/2)">
              <conditions>
                <condition number="37" type="jump" coverage="50%" />
              </conditions>
            </line>
            <line number="474" hits="0" branch="False" />
            <line number="475" hits="3" branch="False" />
            <line number="478" hits="108" branch="True" condition-coverage="50% (1/2)">
              <conditions>
                <condition number="127" type="jump" coverage="50%" />
              </conditions>
            </line>
            <line number="479" hits="108" branch="False" />
            <line number="480" hits="108" branch="False" />
            <line number="482" hits="0" branch="False" />
            <line number="483" hits="111" branch="False" />
            <line number="486" hits="113" branch="False" />
            <line number="487" hits="113" branch="True" condition-coverage="100% (2/2)">
              <conditions>
                <condition number="2" type="jump" coverage="100%" />
              </conditions>
            </line>
            <line number="488" hits="113" branch="False" />
            <line number="489" hits="113" branch="False" />
          </lines>
        </class>
      </classes>
    </package>
  </packages>
</coverage>